<?xml version="1.0"?>
<testsuite name="HeadlessChrome 80.0.3987 (Windows 10.0.0)" package="" timestamp="2020-03-26T23:40:58" id="0" hostname="A307084L" tests="39" errors="0" failures="0" time="4.251">
  <properties>
    <property name="browser.fullName" value="Mozilla/5.0 (Windows NT 10.0; Win64; x64) AppleWebKit/537.36 (KHTML, like Gecko) HeadlessChrome/80.0.3987.149 Safari/537.36"/>
  </properties>
  <testcase name="Application Form Selection should set selected value on form selection" time="0.099" classname="HeadlessChrome_80_0_3987_(Windows_10_0_0).Application Form Selection"/>
  <testcase name="Application Types  should set hide new enrollee and show add a family memeber" time="0.285" classname="HeadlessChrome_80_0_3987_(Windows_10_0_0).Application Types "/>
  <testcase name="New Enrollee test should set hideDataEntryControls selected groups" time="0.161" classname="HeadlessChrome_80_0_3987_(Windows_10_0_0).New Enrollee test"/>
  <testcase name="New Enrollee test should hide data entry control on groups reset" time="0.209" classname="HeadlessChrome_80_0_3987_(Windows_10_0_0).New Enrollee test"/>
  <testcase name="New Enrollee test should show company groups element on company selected" time="0.226" classname="HeadlessChrome_80_0_3987_(Windows_10_0_0).New Enrollee test"/>
  <testcase name="New Enrollee test should hide company groups element on no company selected" time="0.157" classname="HeadlessChrome_80_0_3987_(Windows_10_0_0).New Enrollee test"/>
  <testcase name="New Enrollee test should get healthGroupInfoIronAjax  element" time="0.156" classname="HeadlessChrome_80_0_3987_(Windows_10_0_0).New Enrollee test"/>
  <testcase name="New Enrollee test should get dentalGroupInfoIronAjax  element" time="0.169" classname="HeadlessChrome_80_0_3987_(Windows_10_0_0).New Enrollee test"/>
  <testcase name="New Enrollee test should get visionGroupInfoIronAjax  element" time="0.191" classname="HeadlessChrome_80_0_3987_(Windows_10_0_0).New Enrollee test"/>
  <testcase name="New Enrollee test should set health group info on receiving API response" time="0.216" classname="HeadlessChrome_80_0_3987_(Windows_10_0_0).New Enrollee test"/>
  <testcase name="New Enrollee test should set dental group info on receiving API response" time="0.186" classname="HeadlessChrome_80_0_3987_(Windows_10_0_0).New Enrollee test"/>
  <testcase name="New Enrollee test should set vision group info on receiving API response" time="0.128" classname="HeadlessChrome_80_0_3987_(Windows_10_0_0).New Enrollee test"/>
  <testcase name="company groups element tests should show notification if no group selected" time="0.061" classname="HeadlessChrome_80_0_3987_(Windows_10_0_0).company groups element tests"/>
  <testcase name="company groups element tests should set product group properties on API positive response and should show company groups element" time="0.038" classname="HeadlessChrome_80_0_3987_(Windows_10_0_0).company groups element tests"/>
  <testcase name="company groups element tests show notification and hide company control on negative API response" time="0.028" classname="HeadlessChrome_80_0_3987_(Windows_10_0_0).company groups element tests"/>
  <testcase name="Dynamic vaadin notification tets should show notification on message attribute update" time="0.007" classname="HeadlessChrome_80_0_3987_(Windows_10_0_0).Dynamic vaadin notification tets"/>
  <testcase name="select list dynamic tests should select first vaadin list item if selectFirstIfSingleItem and items length is 1" time="0.01" classname="HeadlessChrome_80_0_3987_(Windows_10_0_0).select list dynamic tests"/>
  <testcase name="select list dynamic tests should select first vaadin list item if selectFirstIfSingleItem and addBlankOption and items length is 1" time="0.011" classname="HeadlessChrome_80_0_3987_(Windows_10_0_0).select list dynamic tests"/>
  <testcase name="select list dynamic tests should unselect vaadin item for more than 1 item" time="0.011" classname="HeadlessChrome_80_0_3987_(Windows_10_0_0).select list dynamic tests"/>
  <testcase name="add requriement doc tests should set requriementdocumentypes on API response" time="0.023" classname="HeadlessChrome_80_0_3987_(Windows_10_0_0).add requriement doc tests"/>
  <testcase name="add requriement doc tests should reset files onSelectedTypeChange " time="0.028" classname="HeadlessChrome_80_0_3987_(Windows_10_0_0).add requriement doc tests"/>
  <testcase name="add requriement doc tests should assign attribute id on value changed" time="0.022" classname="HeadlessChrome_80_0_3987_(Windows_10_0_0).add requriement doc tests"/>
  <testcase name="add requriement doc tests should not assign attribute id on same value assignment" time="0.017" classname="HeadlessChrome_80_0_3987_(Windows_10_0_0).add requriement doc tests"/>
  <testcase name="add requriement doc tests should assign file name when document uploaded" time="0.024" classname="HeadlessChrome_80_0_3987_(Windows_10_0_0).add requriement doc tests"/>
  <testcase name="add requriement doc tests should assign blank out file name when document removed" time="0.027" classname="HeadlessChrome_80_0_3987_(Windows_10_0_0).add requriement doc tests"/>
  <testcase name="generated apps dialog test should open dialog" time="0.011" classname="HeadlessChrome_80_0_3987_(Windows_10_0_0).generated apps dialog test"/>
  <testcase name="test policy eligibility type selection should return error message if policy eligibility type is blank" time="0.028" classname="HeadlessChrome_80_0_3987_(Windows_10_0_0).test policy eligibility type selection"/>
  <testcase name="test policy eligibility type selection should return error message if policy eligibility date is blank" time="0.038" classname="HeadlessChrome_80_0_3987_(Windows_10_0_0).test policy eligibility type selection"/>
  <testcase name="test policy eligibility type selection should return error message if policy eligibility date is Invalid" time="0.033" classname="HeadlessChrome_80_0_3987_(Windows_10_0_0).test policy eligibility type selection"/>
  <testcase name="Group Additions App should hide application type selection on load" time="0.176" classname="HeadlessChrome_80_0_3987_(Windows_10_0_0).Group Additions App"/>
  <testcase name="Group Additions App should hide the redirect dialog on load" time="0.212" classname="HeadlessChrome_80_0_3987_(Windows_10_0_0).Group Additions App"/>
  <testcase name="Group Additions App should hide the application types selection on load" time="0.126" classname="HeadlessChrome_80_0_3987_(Windows_10_0_0).Group Additions App"/>
  <testcase name="Group Additions App should reset the application form when the old application redirect dialog is closed" time="0.166" classname="HeadlessChrome_80_0_3987_(Windows_10_0_0).Group Additions App"/>
  <testcase name="Group Additions App should show the redirect dialog if it's an old application form" time="0.127" classname="HeadlessChrome_80_0_3987_(Windows_10_0_0).Group Additions App"/>
  <testcase name="Group Additions App should show the application type selection if it's a combined app" time="0.177" classname="HeadlessChrome_80_0_3987_(Windows_10_0_0).Group Additions App"/>
  <testcase name="Group Additions App should show the application type selection if it's a combined app" time="0.127" classname="HeadlessChrome_80_0_3987_(Windows_10_0_0).Group Additions App"/>
  <testcase name="Group Additions App should show the company selections when an application type has been selected" time="0.18" classname="HeadlessChrome_80_0_3987_(Windows_10_0_0).Group Additions App"/>
  <testcase name="Group Additions App should hide the company selections when an application type has not been selected" time="0.125" classname="HeadlessChrome_80_0_3987_(Windows_10_0_0).Group Additions App"/>
  <testcase name="old application redirect dialog test should dispatch dialog-closed event on cancel click" time="0.235" classname="HeadlessChrome_80_0_3987_(Windows_10_0_0).old application redirect dialog test"/>
  <system-out>
    <![CDATA[HeadlessChrome 80.0.3987 (Windows 10.0.0) WARN: 'Warning: unable to determine the label for the provided `value`. Nothing to display in the text field. This usually happens when setting an initial `value` before any items are returned from the `dataProvider` callback. Consider setting `selectedItem` instead of `value`'
,HeadlessChrome 80.0.3987 (Windows 10.0.0) WARN: 'Warning: unable to determine the label for the provided `value`. Nothing to display in the text field. This usually happens when setting an initial `value` before any items are returned from the `dataProvider` callback. Consider setting `selectedItem` instead of `value`'
,HeadlessChrome 80.0.3987 (Windows 10.0.0) WARN: 'Warning: unable to determine the label for the provided `value`. Nothing to display in the text field. This usually happens when setting an initial `value` before any items are returned from the `dataProvider` callback. Consider setting `selectedItem` instead of `value`'
,HeadlessChrome 80.0.3987 (Windows 10.0.0) WARN: 'Warning: unable to determine the label for the provided `value`. Nothing to display in the text field. This usually happens when setting an initial `value` before any items are returned from the `dataProvider` callback. Consider setting `selectedItem` instead of `value`'
,HeadlessChrome 80.0.3987 (Windows 10.0.0) WARN: 'Warning: unable to determine the label for the provided `value`. Nothing to display in the text field. This usually happens when setting an initial `value` before any items are returned from the `dataProvider` callback. Consider setting `selectedItem` instead of `value`'
,HeadlessChrome 80.0.3987 (Windows 10.0.0) WARN: 'Warning: unable to determine the label for the provided `value`. Nothing to display in the text field. This usually happens when setting an initial `value` before any items are returned from the `dataProvider` callback. Consider setting `selectedItem` instead of `value`'
,HeadlessChrome 80.0.3987 (Windows 10.0.0) WARN: 'Warning: unable to determine the label for the provided `value`. Nothing to display in the text field. This usually happens when setting an initial `value` before any items are returned from the `dataProvider` callback. Consider setting `selectedItem` instead of `value`'
,HeadlessChrome 80.0.3987 (Windows 10.0.0) WARN: 'Warning: unable to determine the label for the provided `value`. Nothing to display in the text field. This usually happens when setting an initial `value` before any items are returned from the `dataProvider` callback. Consider setting `selectedItem` instead of `value`'
,HeadlessChrome 80.0.3987 (Windows 10.0.0) WARN: 'Warning: unable to determine the label for the provided `value`. Nothing to display in the text field. This usually happens when setting an initial `value` before any items are returned from the `dataProvider` callback. Consider setting `selectedItem` instead of `value`'
,HeadlessChrome 80.0.3987 (Windows 10.0.0) WARN: 'Warning: unable to determine the label for the provided `value`. Nothing to display in the text field. This usually happens when setting an initial `value` before any items are returned from the `dataProvider` callback. Consider setting `selectedItem` instead of `value`'
,HeadlessChrome 80.0.3987 (Windows 10.0.0) WARN: 'Warning: unable to determine the label for the provided `value`. Nothing to display in the text field. This usually happens when setting an initial `value` before any items are returned from the `dataProvider` callback. Consider setting `selectedItem` instead of `value`'
,HeadlessChrome 80.0.3987 (Windows 10.0.0) WARN: 'Warning: unable to determine the label for the provided `value`. Nothing to display in the text field. This usually happens when setting an initial `value` before any items are returned from the `dataProvider` callback. Consider setting `selectedItem` instead of `value`'
,HeadlessChrome 80.0.3987 (Windows 10.0.0) WARN: 'Warning: unable to determine the label for the provided `value`. Nothing to display in the text field. This usually happens when setting an initial `value` before any items are returned from the `dataProvider` callback. Consider setting `selectedItem` instead of `value`'
,HeadlessChrome 80.0.3987 (Windows 10.0.0) WARN: 'Warning: unable to determine the label for the provided `value`. Nothing to display in the text field. This usually happens when setting an initial `value` before any items are returned from the `dataProvider` callback. Consider setting `selectedItem` instead of `value`'
,HeadlessChrome 80.0.3987 (Windows 10.0.0) WARN: 'Warning: unable to determine the label for the provided `value`. Nothing to display in the text field. This usually happens when setting an initial `value` before any items are returned from the `dataProvider` callback. Consider setting `selectedItem` instead of `value`'
,HeadlessChrome 80.0.3987 (Windows 10.0.0) WARN: 'Warning: unable to determine the label for the provided `value`. Nothing to display in the text field. This usually happens when setting an initial `value` before any items are returned from the `dataProvider` callback. Consider setting `selectedItem` instead of `value`'
,HeadlessChrome 80.0.3987 (Windows 10.0.0) WARN: 'Warning: unable to determine the label for the provided `value`. Nothing to display in the text field. This usually happens when setting an initial `value` before any items are returned from the `dataProvider` callback. Consider setting `selectedItem` instead of `value`'
,HeadlessChrome 80.0.3987 (Windows 10.0.0) WARN: 'Warning: unable to determine the label for the provided `value`. Nothing to display in the text field. This usually happens when setting an initial `value` before any items are returned from the `dataProvider` callback. Consider setting `selectedItem` instead of `value`'
,HeadlessChrome 80.0.3987 (Windows 10.0.0) WARN: 'Warning: unable to determine the label for the provided `value`. Nothing to display in the text field. This usually happens when setting an initial `value` before any items are returned from the `dataProvider` callback. Consider setting `selectedItem` instead of `value`'
,HeadlessChrome 80.0.3987 (Windows 10.0.0) WARN: 'Warning: unable to determine the label for the provided `value`. Nothing to display in the text field. This usually happens when setting an initial `value` before any items are returned from the `dataProvider` callback. Consider setting `selectedItem` instead of `value`'
,HeadlessChrome 80.0.3987 (Windows 10.0.0) WARN: 'Warning: unable to determine the label for the provided `value`. Nothing to display in the text field. This usually happens when setting an initial `value` before any items are returned from the `dataProvider` callback. Consider setting `selectedItem` instead of `value`'

]]>
  </system-out>
  <system-err/>
</testsuite>