<?xml version="1.0"?>
<testsuite name="HeadlessChrome 81.0.4044 (Windows 10.0.0)" package="" timestamp="2020-05-04T16:45:05" id="0" hostname="A307084L" tests="127" errors="0" failures="0" time="20.066">
  <properties>
    <property name="browser.fullName" value="Mozilla/5.0 (Windows NT 10.0; Win64; x64) AppleWebKit/537.36 (KHTML, like Gecko) HeadlessChrome/81.0.4044.129 Safari/537.36"/>
  </properties>
  <testcase name="Application Form Selection should set selected value on form selection" time="0.186" classname="HeadlessChrome_81_0_4044_(Windows_10_0_0).Application Form Selection"/>
  <testcase name="aaplication type selection test cases should load control for rejected new enrollee app" time="0.124" classname="HeadlessChrome_81_0_4044_(Windows_10_0_0).aaplication type selection test cases"/>
  <testcase name="aaplication type selection test cases should load control for rejected add a family member app" time="0.03" classname="HeadlessChrome_81_0_4044_(Windows_10_0_0).aaplication type selection test cases"/>
  <testcase name="aaplication type selection test cases should not load control for invalid app type" time="0.024" classname="HeadlessChrome_81_0_4044_(Windows_10_0_0).aaplication type selection test cases"/>
  <testcase name="Add a family member tests  should load groups when found" time="0.624" classname="HeadlessChrome_81_0_4044_(Windows_10_0_0).Add a family member tests "/>
  <testcase name="Add a family member tests  should clear and hide elements" time="0.325" classname="HeadlessChrome_81_0_4044_(Windows_10_0_0).Add a family member tests "/>
  <testcase name="Add a family member tests  should set data entry element" time="0.309" classname="HeadlessChrome_81_0_4044_(Windows_10_0_0).Add a family member tests "/>
  <testcase name="Add a family member tests  should hide data entry element on reset" time="0.402" classname="HeadlessChrome_81_0_4044_(Windows_10_0_0).Add a family member tests "/>
  <testcase name="Application Types  should set hide new enrollee and show add a family memeber" time="0.669" classname="HeadlessChrome_81_0_4044_(Windows_10_0_0).Application Types "/>
  <testcase name="Application Types  should show new enrollee and hide add a family memeber" time="0.508" classname="HeadlessChrome_81_0_4044_(Windows_10_0_0).Application Types "/>
  <testcase name="Application Types  should hide new enrollee and hide add a family memeber" time="0.545" classname="HeadlessChrome_81_0_4044_(Windows_10_0_0).Application Types "/>
  <testcase name="Application Types  should load control for rejectedAppData and hide add a family memeber if appType is newEnrollee" time="0.673" classname="HeadlessChrome_81_0_4044_(Windows_10_0_0).Application Types "/>
  <testcase name="Application Types  should load control for rejectedAppData and hide new enrolle if appType is add a family memeber" time="0.543" classname="HeadlessChrome_81_0_4044_(Windows_10_0_0).Application Types "/>
  <testcase name="New Enrollee test should set hideDataEntryControls selected groups" time="0.315" classname="HeadlessChrome_81_0_4044_(Windows_10_0_0).New Enrollee test"/>
  <testcase name="New Enrollee test should hide data entry control on groups reset" time="0.245" classname="HeadlessChrome_81_0_4044_(Windows_10_0_0).New Enrollee test"/>
  <testcase name="New Enrollee test should show company groups element on company selected" time="0.232" classname="HeadlessChrome_81_0_4044_(Windows_10_0_0).New Enrollee test"/>
  <testcase name="New Enrollee test should hide company groups element on no company selected" time="0.309" classname="HeadlessChrome_81_0_4044_(Windows_10_0_0).New Enrollee test"/>
  <testcase name="New Enrollee test should get healthGroupInfoIronAjax  element" time="0.222" classname="HeadlessChrome_81_0_4044_(Windows_10_0_0).New Enrollee test"/>
  <testcase name="New Enrollee test should get dentalGroupInfoIronAjax  element" time="0.21" classname="HeadlessChrome_81_0_4044_(Windows_10_0_0).New Enrollee test"/>
  <testcase name="New Enrollee test should get visionGroupInfoIronAjax  element" time="0.268" classname="HeadlessChrome_81_0_4044_(Windows_10_0_0).New Enrollee test"/>
  <testcase name="New Enrollee test should set health group info on receiving API response" time="0.301" classname="HeadlessChrome_81_0_4044_(Windows_10_0_0).New Enrollee test"/>
  <testcase name="New Enrollee test should set dental group info on receiving API response" time="0.209" classname="HeadlessChrome_81_0_4044_(Windows_10_0_0).New Enrollee test"/>
  <testcase name="New Enrollee test should set vision group info on receiving API response" time="0.283" classname="HeadlessChrome_81_0_4044_(Windows_10_0_0).New Enrollee test"/>
  <testcase name="company groups element tests should show notification if no group selected" time="0.048" classname="HeadlessChrome_81_0_4044_(Windows_10_0_0).company groups element tests"/>
  <testcase name="company groups element tests should set product group properties on API positive response and should show company groups element" time="0.068" classname="HeadlessChrome_81_0_4044_(Windows_10_0_0).company groups element tests"/>
  <testcase name="company groups element tests show notification and hide company control on negative API response" time="0.05" classname="HeadlessChrome_81_0_4044_(Windows_10_0_0).company groups element tests"/>
  <testcase name="company groups element tests should show selected groups element with the groups selected." time="0.045" classname="HeadlessChrome_81_0_4044_(Windows_10_0_0).company groups element tests"/>
  <testcase name="company groups element tests should display message inEligible for data entry on API negative response and should hide company groups element" time="0.071" classname="HeadlessChrome_81_0_4044_(Windows_10_0_0).company groups element tests"/>
  <testcase name="Contract SSN groups tests should show error message on done click if no groups were selected" time="0.115" classname="HeadlessChrome_81_0_4044_(Windows_10_0_0).Contract SSN groups tests"/>
  <testcase name="Contract SSN groups tests should show selected groups element with the groups selected." time="0.065" classname="HeadlessChrome_81_0_4044_(Windows_10_0_0).Contract SSN groups tests"/>
  <testcase name="Contract SSN groups tests should show selected groups element with the health and dental groups selected." time="0.044" classname="HeadlessChrome_81_0_4044_(Windows_10_0_0).Contract SSN groups tests"/>
  <testcase name="Contract SSN groups tests should show selected groups element with only groups selected." time="0.043" classname="HeadlessChrome_81_0_4044_(Windows_10_0_0).Contract SSN groups tests"/>
  <testcase name="Contract SSN groups tests should show company groups control, hide selected company groups, hide reset button reset click" time="0.038" classname="HeadlessChrome_81_0_4044_(Windows_10_0_0).Contract SSN groups tests"/>
  <testcase name="Contract SSN groups tests should load control for a rejected app" time="0.079" classname="HeadlessChrome_81_0_4044_(Windows_10_0_0).Contract SSN groups tests"/>
  <testcase name="contract search tests should set invalid attribute if Contract number is blank on search click" time="0.018" classname="HeadlessChrome_81_0_4044_(Windows_10_0_0).contract search tests"/>
  <testcase name="contract search tests should unhide progress bar, dispatch event and call api on search click" time="0.024" classname="HeadlessChrome_81_0_4044_(Windows_10_0_0).contract search tests"/>
  <testcase name="contract search tests should set error message on vaadin notification and hide progress bar" time="0.016" classname="HeadlessChrome_81_0_4044_(Windows_10_0_0).contract search tests"/>
  <testcase name="contract search tests should show message if no records are found on search" time="0.042" classname="HeadlessChrome_81_0_4044_(Windows_10_0_0).contract search tests"/>
  <testcase name="contract search tests should show message if the searched contract is cancelled" time="0.013" classname="HeadlessChrome_81_0_4044_(Windows_10_0_0).contract search tests"/>
  <testcase name="contract search tests should dispatch event if results are found" time="0.015" classname="HeadlessChrome_81_0_4044_(Windows_10_0_0).contract search tests"/>
  <testcase name="ssn search tests should set error message if api call failed" time="0.021" classname="HeadlessChrome_81_0_4044_(Windows_10_0_0).ssn search tests"/>
  <testcase name="ssn search tests should set error message and hide progress bar on no results found" time="0.013" classname="HeadlessChrome_81_0_4044_(Windows_10_0_0).ssn search tests"/>
  <testcase name="ssn search tests should show progress bar when search button is clicked" time="0.025" classname="HeadlessChrome_81_0_4044_(Windows_10_0_0).ssn search tests"/>
  <testcase name="Dynamic vaadin notification tets should show notification on message attribute update" time="0.004" classname="HeadlessChrome_81_0_4044_(Windows_10_0_0).Dynamic vaadin notification tets"/>
  <testcase name="select list dynamic tests should select first vaadin list item if selectFirstIfSingleItem and items length is 1" time="0.024" classname="HeadlessChrome_81_0_4044_(Windows_10_0_0).select list dynamic tests"/>
  <testcase name="select list dynamic tests should select first vaadin list item if selectFirstIfSingleItem and addBlankOption and items length is 1" time="0.015" classname="HeadlessChrome_81_0_4044_(Windows_10_0_0).select list dynamic tests"/>
  <testcase name="select list dynamic tests should unselect vaadin item for more than 1 item" time="0.015" classname="HeadlessChrome_81_0_4044_(Windows_10_0_0).select list dynamic tests"/>
  <testcase name="SSN Vaadin text fields tests should mark control invalid if the text length is less than 11" time="0.009" classname="HeadlessChrome_81_0_4044_(Windows_10_0_0).SSN Vaadin text fields tests"/>
  <testcase name="SSN Vaadin text fields tests should mark control invalid if the text contains invalid character" time="0.01" classname="HeadlessChrome_81_0_4044_(Windows_10_0_0).SSN Vaadin text fields tests"/>
  <testcase name="SSN Vaadin text fields tests should mark control invalid if the text contains extra hiphens" time="0.013" classname="HeadlessChrome_81_0_4044_(Windows_10_0_0).SSN Vaadin text fields tests"/>
  <testcase name="SSN Vaadin text fields tests should not mark control invalid if the text length is 11" time="0.007" classname="HeadlessChrome_81_0_4044_(Windows_10_0_0).SSN Vaadin text fields tests"/>
  <testcase name="SSN Vaadin text fields tests should insert hiphens if text length is 9 and is a valid SSN" time="0.008" classname="HeadlessChrome_81_0_4044_(Windows_10_0_0).SSN Vaadin text fields tests"/>
  <testcase name="SSN Vaadin text fields tests should insert hiphens if text length is 9 but is not a valid SSN" time="0.007" classname="HeadlessChrome_81_0_4044_(Windows_10_0_0).SSN Vaadin text fields tests"/>
  <testcase name="SSN Vaadin text fields tests should append a - character after 3 digits have been entered for SSN" time="0.01" classname="HeadlessChrome_81_0_4044_(Windows_10_0_0).SSN Vaadin text fields tests"/>
  <testcase name="SSN Vaadin text fields tests should append a - character after 6 digits have been entered for SSN" time="0.005" classname="HeadlessChrome_81_0_4044_(Windows_10_0_0).SSN Vaadin text fields tests"/>
  <testcase name="SSN Vaadin text fields tests should insert a - character after 4 digits have been entered for SSN and user removed the -" time="0.005" classname="HeadlessChrome_81_0_4044_(Windows_10_0_0).SSN Vaadin text fields tests"/>
  <testcase name="SSN Vaadin text fields tests should insert a - character after 7 digits have been entered for SSN and user removed the 2nd -" time="0.005" classname="HeadlessChrome_81_0_4044_(Windows_10_0_0).SSN Vaadin text fields tests"/>
  <testcase name="SSN Vaadin text fields tests should not do anything if SSN length has reached" time="0.009" classname="HeadlessChrome_81_0_4044_(Windows_10_0_0).SSN Vaadin text fields tests"/>
  <testcase name="SSN Vaadin text fields tests should return if backspace is entered" time="0.005" classname="HeadlessChrome_81_0_4044_(Windows_10_0_0).SSN Vaadin text fields tests"/>
  <testcase name="data entry tests should return false on validation if received date is empty" time="0.205" classname="HeadlessChrome_81_0_4044_(Windows_10_0_0).data entry tests"/>
  <testcase name="data entry tests should return false on validation if received date is greater than todays date" time="0.236" classname="HeadlessChrome_81_0_4044_(Windows_10_0_0).data entry tests"/>
  <testcase name="data entry tests should return false on validation if policy eligibiity is not valid" time="0.23" classname="HeadlessChrome_81_0_4044_(Windows_10_0_0).data entry tests"/>
  <testcase name="data entry tests should return false on validation if policy eligibiity date is not valid" time="0.317" classname="HeadlessChrome_81_0_4044_(Windows_10_0_0).data entry tests"/>
  <testcase name="data entry tests should return false on validation if policy eligibiity date format is not valid" time="0.228" classname="HeadlessChrome_81_0_4044_(Windows_10_0_0).data entry tests"/>
  <testcase name="data entry tests should return false if requirement doc element has no requirement type selected" time="0.26" classname="HeadlessChrome_81_0_4044_(Windows_10_0_0).data entry tests"/>
  <testcase name="data entry tests should return false if requirement doc element has no requirement document uploaded" time="0.293" classname="HeadlessChrome_81_0_4044_(Windows_10_0_0).data entry tests"/>
  <testcase name="data entry tests should return false if app document upload has no document selected" time="0.198" classname="HeadlessChrome_81_0_4044_(Windows_10_0_0).data entry tests"/>
  <testcase name="data entry tests should return false if app document upload has blank health document description" time="0.231" classname="HeadlessChrome_81_0_4044_(Windows_10_0_0).data entry tests"/>
  <testcase name="data entry tests should return false if app document upload has blank dental document description" time="0.446" classname="HeadlessChrome_81_0_4044_(Windows_10_0_0).data entry tests"/>
  <testcase name="data entry tests should return false if app document upload has blank vision document description" time="0.234" classname="HeadlessChrome_81_0_4044_(Windows_10_0_0).data entry tests"/>
  <testcase name="data entry tests should return true if all validations have passed" time="0.242" classname="HeadlessChrome_81_0_4044_(Windows_10_0_0).data entry tests"/>
  <testcase name="data entry tests should return undefined group addition model if validations have failed" time="0.228" classname="HeadlessChrome_81_0_4044_(Windows_10_0_0).data entry tests"/>
  <testcase name="data entry tests should populate group addition model for New Enrollee" time="0.23" classname="HeadlessChrome_81_0_4044_(Windows_10_0_0).data entry tests"/>
  <testcase name="data entry tests should populate group addition model for Dental and Vision New Enrollee" time="0.227" classname="HeadlessChrome_81_0_4044_(Windows_10_0_0).data entry tests"/>
  <testcase name="data entry tests should populate group addition model for Health Only New Enrollee" time="0.218" classname="HeadlessChrome_81_0_4044_(Windows_10_0_0).data entry tests"/>
  <testcase name="data entry tests should populate group addition model for Add a family member " time="0.234" classname="HeadlessChrome_81_0_4044_(Windows_10_0_0).data entry tests"/>
  <testcase name="data entry tests should load control for a rejected app" time="0.197" classname="HeadlessChrome_81_0_4044_(Windows_10_0_0).data entry tests"/>
  <testcase name="data entry tests should show dialog after receiving response from Application Upload API" time="0.176" classname="HeadlessChrome_81_0_4044_(Windows_10_0_0).data entry tests"/>
  <testcase name="data entry tests should show dialog after receiving response from Application Upload API with P8 error " time="0.176" classname="HeadlessChrome_81_0_4044_(Windows_10_0_0).data entry tests"/>
  <testcase name="data entry tests should show dialog after receiving response from rejected Application Upload API" time="0.16" classname="HeadlessChrome_81_0_4044_(Windows_10_0_0).data entry tests"/>
  <testcase name="data entry tests should show dialog after receiving response from rejected Application Upload API with P8 error" time="0.274" classname="HeadlessChrome_81_0_4044_(Windows_10_0_0).data entry tests"/>
  <testcase name="data entry tests should show error message if the Save application API throws error" time="0.272" classname="HeadlessChrome_81_0_4044_(Windows_10_0_0).data entry tests"/>
  <testcase name="generated apps dialog test should open dialog" time="0.009" classname="HeadlessChrome_81_0_4044_(Windows_10_0_0).generated apps dialog test"/>
  <testcase name="generated apps dialog test should open dialog with p8 error message and no vision" time="0.005" classname="HeadlessChrome_81_0_4044_(Windows_10_0_0).generated apps dialog test"/>
  <testcase name="generated apps dialog test should open dialog for health" time="0.008" classname="HeadlessChrome_81_0_4044_(Windows_10_0_0).generated apps dialog test"/>
  <testcase name="generated apps dialog test should open dialog for dental" time="0.008" classname="HeadlessChrome_81_0_4044_(Windows_10_0_0).generated apps dialog test"/>
  <testcase name="test policy eligibility type selection should return error message if policy eligibility type is blank" time="0.058" classname="HeadlessChrome_81_0_4044_(Windows_10_0_0).test policy eligibility type selection"/>
  <testcase name="test policy eligibility type selection should return error message if policy eligibility date is blank" time="0.057" classname="HeadlessChrome_81_0_4044_(Windows_10_0_0).test policy eligibility type selection"/>
  <testcase name="test policy eligibility type selection should return error message if policy eligibility date is Invalid" time="0.04" classname="HeadlessChrome_81_0_4044_(Windows_10_0_0).test policy eligibility type selection"/>
  <testcase name="add requriement doc tests should set requriementdocumentypes on API response" time="0.057" classname="HeadlessChrome_81_0_4044_(Windows_10_0_0).add requriement doc tests"/>
  <testcase name="add requriement doc tests should reset files onSelectedTypeChange " time="0.034" classname="HeadlessChrome_81_0_4044_(Windows_10_0_0).add requriement doc tests"/>
  <testcase name="add requriement doc tests should assign attribute id on value changed" time="0.043" classname="HeadlessChrome_81_0_4044_(Windows_10_0_0).add requriement doc tests"/>
  <testcase name="add requriement doc tests should not assign attribute id on same value assignment" time="0.042" classname="HeadlessChrome_81_0_4044_(Windows_10_0_0).add requriement doc tests"/>
  <testcase name="add requriement doc tests should assign file name when document uploaded" time="0.037" classname="HeadlessChrome_81_0_4044_(Windows_10_0_0).add requriement doc tests"/>
  <testcase name="add requriement doc tests should assign blank out file name when document removed" time="0.052" classname="HeadlessChrome_81_0_4044_(Windows_10_0_0).add requriement doc tests"/>
  <testcase name="add requriement doc tests should reset invalid attribute to true and return error message if selectedRequirementTypeId is undefined or empty" time="0.039" classname="HeadlessChrome_81_0_4044_(Windows_10_0_0).add requriement doc tests"/>
  <testcase name="add requriement doc tests should return error message if selectedFileName is undefined or null" time="0.032" classname="HeadlessChrome_81_0_4044_(Windows_10_0_0).add requriement doc tests"/>
  <testcase name="add requriement doc tests should remove invalid attribute if selectedFileName (or) selectedRequirementTypeId is not null" time="0.029" classname="HeadlessChrome_81_0_4044_(Windows_10_0_0).add requriement doc tests"/>
  <testcase name="add requriement doc tests should reset files and selectedFileName attribute if there is an error uploading file" time="0.028" classname="HeadlessChrome_81_0_4044_(Windows_10_0_0).add requriement doc tests"/>
  <testcase name="add requriement doc tests should delete requirement element on remove requirement click event" time="0.041" classname="HeadlessChrome_81_0_4044_(Windows_10_0_0).add requriement doc tests"/>
  <testcase name="generated apps dialog test should open dialog" time="0.008" classname="HeadlessChrome_81_0_4044_(Windows_10_0_0).generated apps dialog test"/>
  <testcase name="test policy eligibility type selection should return error message if policy eligibility type is blank" time="0.032" classname="HeadlessChrome_81_0_4044_(Windows_10_0_0).test policy eligibility type selection"/>
  <testcase name="test policy eligibility type selection should return error message if policy eligibility date is blank" time="0.03" classname="HeadlessChrome_81_0_4044_(Windows_10_0_0).test policy eligibility type selection"/>
  <testcase name="test policy eligibility type selection should return error message if policy eligibility date is Invalid" time="0.034" classname="HeadlessChrome_81_0_4044_(Windows_10_0_0).test policy eligibility type selection"/>
  <testcase name="upload requriement doc tests should set index for add requirement on button click" time="0.019" classname="HeadlessChrome_81_0_4044_(Windows_10_0_0).upload requriement doc tests"/>
  <testcase name="upload requriement doc tests should get uploaded Documents" time="0.043" classname="HeadlessChrome_81_0_4044_(Windows_10_0_0).upload requriement doc tests"/>
  <testcase name="upload requriement doc tests should remove child element on attribute update" time="0.048" classname="HeadlessChrome_81_0_4044_(Windows_10_0_0).upload requriement doc tests"/>
  <testcase name="upload requriement doc tests should return error message if add requirement element is invalid" time="0.06" classname="HeadlessChrome_81_0_4044_(Windows_10_0_0).upload requriement doc tests"/>
  <testcase name="Group Additions App should hide application type selection on load" time="0.442" classname="HeadlessChrome_81_0_4044_(Windows_10_0_0).Group Additions App"/>
  <testcase name="Group Additions App should hide the redirect dialog on load" time="0.366" classname="HeadlessChrome_81_0_4044_(Windows_10_0_0).Group Additions App"/>
  <testcase name="Group Additions App should hide the application types selection on load" time="0.338" classname="HeadlessChrome_81_0_4044_(Windows_10_0_0).Group Additions App"/>
  <testcase name="Group Additions App should reset the application form when the old application redirect dialog is closed" time="0.408" classname="HeadlessChrome_81_0_4044_(Windows_10_0_0).Group Additions App"/>
  <testcase name="Group Additions App should show the redirect dialog if it's an old application form" time="0.399" classname="HeadlessChrome_81_0_4044_(Windows_10_0_0).Group Additions App"/>
  <testcase name="Group Additions App should show the application type selection if it's a combined app" time="0.383" classname="HeadlessChrome_81_0_4044_(Windows_10_0_0).Group Additions App"/>
  <testcase name="Group Additions App should show the application type selection if it's a combined app" time="0.39" classname="HeadlessChrome_81_0_4044_(Windows_10_0_0).Group Additions App"/>
  <testcase name="Group Additions App should show the company selections when an application type has been selected" time="0.461" classname="HeadlessChrome_81_0_4044_(Windows_10_0_0).Group Additions App"/>
  <testcase name="Group Additions App should hide the company selections when an application type has not been selected" time="0.467" classname="HeadlessChrome_81_0_4044_(Windows_10_0_0).Group Additions App"/>
  <testcase name="old application redirect dialog test should dispatch dialog-closed event on cancel click" time="1.088" classname="HeadlessChrome_81_0_4044_(Windows_10_0_0).old application redirect dialog test"/>
  <testcase name="group information dialog tests should open a dialog if icon is clicked" time="0.128" classname="HeadlessChrome_81_0_4044_(Windows_10_0_0).group information dialog tests"/>
  <testcase name="group information dialog tests should display no special considerations message if special consideration info id null" time="0.087" classname="HeadlessChrome_81_0_4044_(Windows_10_0_0).group information dialog tests"/>
  <testcase name="selected company groups tests should set groupNumber attribute on health product element on update of healthgroupNumber" time="0.024" classname="HeadlessChrome_81_0_4044_(Windows_10_0_0).selected company groups tests"/>
  <testcase name="selected company groups tests should set groupNumber attribute on health product element on update of healthgroupNumber" time="0.011" classname="HeadlessChrome_81_0_4044_(Windows_10_0_0).selected company groups tests"/>
  <testcase name="selected company groups tests should set groupNumber attribute on health product element on update of healthgroupNumber" time="0.049" classname="HeadlessChrome_81_0_4044_(Windows_10_0_0).selected company groups tests"/>
  <testcase name="selected product groups tests should set hideIcon property to true when selectedGroupNumber property is None" time="0.009" classname="HeadlessChrome_81_0_4044_(Windows_10_0_0).selected product groups tests"/>
  <testcase name="selected product groups tests should set hideIcon property to false when selectedGroupNumber property is None" time="0.008" classname="HeadlessChrome_81_0_4044_(Windows_10_0_0).selected product groups tests"/>
  <testcase name="selected product groups tests should set vaadinDialog element attribute on group info icon click" time="0.036" classname="HeadlessChrome_81_0_4044_(Windows_10_0_0).selected product groups tests"/>
  <testcase name="selected product groups tests should hide icon selectedGroupNumber is 'None' " time="0.007" classname="HeadlessChrome_81_0_4044_(Windows_10_0_0).selected product groups tests"/>
  <system-out>
    <![CDATA[HeadlessChrome 81.0.4044 (Windows 10.0.0) WARN: 'Warning: unable to determine the label for the provided `value`. Nothing to display in the text field. This usually happens when setting an initial `value` before any items are returned from the `dataProvider` callback. Consider setting `selectedItem` instead of `value`'
,HeadlessChrome 81.0.4044 (Windows 10.0.0) WARN: 'Warning: unable to determine the label for the provided `value`. Nothing to display in the text field. This usually happens when setting an initial `value` before any items are returned from the `dataProvider` callback. Consider setting `selectedItem` instead of `value`'
,HeadlessChrome 81.0.4044 (Windows 10.0.0) WARN: 'Warning: unable to determine the label for the provided `value`. Nothing to display in the text field. This usually happens when setting an initial `value` before any items are returned from the `dataProvider` callback. Consider setting `selectedItem` instead of `value`'
,HeadlessChrome 81.0.4044 (Windows 10.0.0) WARN: 'Warning: unable to determine the label for the provided `value`. Nothing to display in the text field. This usually happens when setting an initial `value` before any items are returned from the `dataProvider` callback. Consider setting `selectedItem` instead of `value`'
,HeadlessChrome 81.0.4044 (Windows 10.0.0) WARN: 'Warning: unable to determine the label for the provided `value`. Nothing to display in the text field. This usually happens when setting an initial `value` before any items are returned from the `dataProvider` callback. Consider setting `selectedItem` instead of `value`'
,HeadlessChrome 81.0.4044 (Windows 10.0.0) WARN: 'Warning: unable to determine the label for the provided `value`. Nothing to display in the text field. This usually happens when setting an initial `value` before any items are returned from the `dataProvider` callback. Consider setting `selectedItem` instead of `value`'
,HeadlessChrome 81.0.4044 (Windows 10.0.0) WARN: 'Warning: unable to determine the label for the provided `value`. Nothing to display in the text field. This usually happens when setting an initial `value` before any items are returned from the `dataProvider` callback. Consider setting `selectedItem` instead of `value`'
,HeadlessChrome 81.0.4044 (Windows 10.0.0) WARN: 'Warning: unable to determine the label for the provided `value`. Nothing to display in the text field. This usually happens when setting an initial `value` before any items are returned from the `dataProvider` callback. Consider setting `selectedItem` instead of `value`'
,HeadlessChrome 81.0.4044 (Windows 10.0.0) WARN: 'Warning: unable to determine the label for the provided `value`. Nothing to display in the text field. This usually happens when setting an initial `value` before any items are returned from the `dataProvider` callback. Consider setting `selectedItem` instead of `value`'
,HeadlessChrome 81.0.4044 (Windows 10.0.0) WARN: 'Warning: unable to determine the label for the provided `value`. Nothing to display in the text field. This usually happens when setting an initial `value` before any items are returned from the `dataProvider` callback. Consider setting `selectedItem` instead of `value`'
,HeadlessChrome 81.0.4044 (Windows 10.0.0) WARN: 'Warning: unable to determine the label for the provided `value`. Nothing to display in the text field. This usually happens when setting an initial `value` before any items are returned from the `dataProvider` callback. Consider setting `selectedItem` instead of `value`'
,HeadlessChrome 81.0.4044 (Windows 10.0.0) WARN: 'Warning: unable to determine the label for the provided `value`. Nothing to display in the text field. This usually happens when setting an initial `value` before any items are returned from the `dataProvider` callback. Consider setting `selectedItem` instead of `value`'
,HeadlessChrome 81.0.4044 (Windows 10.0.0) WARN: 'Warning: unable to determine the label for the provided `value`. Nothing to display in the text field. This usually happens when setting an initial `value` before any items are returned from the `dataProvider` callback. Consider setting `selectedItem` instead of `value`'
,HeadlessChrome 81.0.4044 (Windows 10.0.0) WARN: 'Warning: unable to determine the label for the provided `value`. Nothing to display in the text field. This usually happens when setting an initial `value` before any items are returned from the `dataProvider` callback. Consider setting `selectedItem` instead of `value`'
,HeadlessChrome 81.0.4044 (Windows 10.0.0) WARN: 'Warning: unable to determine the label for the provided `value`. Nothing to display in the text field. This usually happens when setting an initial `value` before any items are returned from the `dataProvider` callback. Consider setting `selectedItem` instead of `value`'
,HeadlessChrome 81.0.4044 (Windows 10.0.0) LOG: ''
,HeadlessChrome 81.0.4044 (Windows 10.0.0) WARN: 'Warning: unable to determine the label for the provided `value`. Nothing to display in the text field. This usually happens when setting an initial `value` before any items are returned from the `dataProvider` callback. Consider setting `selectedItem` instead of `value`'
,HeadlessChrome 81.0.4044 (Windows 10.0.0) WARN: 'Warning: unable to determine the label for the provided `value`. Nothing to display in the text field. This usually happens when setting an initial `value` before any items are returned from the `dataProvider` callback. Consider setting `selectedItem` instead of `value`'
,HeadlessChrome 81.0.4044 (Windows 10.0.0) WARN: 'Warning: unable to determine the label for the provided `value`. Nothing to display in the text field. This usually happens when setting an initial `value` before any items are returned from the `dataProvider` callback. Consider setting `selectedItem` instead of `value`'
,HeadlessChrome 81.0.4044 (Windows 10.0.0) WARN: 'Warning: unable to determine the label for the provided `value`. Nothing to display in the text field. This usually happens when setting an initial `value` before any items are returned from the `dataProvider` callback. Consider setting `selectedItem` instead of `value`'
,HeadlessChrome 81.0.4044 (Windows 10.0.0) WARN: 'Warning: unable to determine the label for the provided `value`. Nothing to display in the text field. This usually happens when setting an initial `value` before any items are returned from the `dataProvider` callback. Consider setting `selectedItem` instead of `value`'
,HeadlessChrome 81.0.4044 (Windows 10.0.0) WARN: 'Warning: unable to determine the label for the provided `value`. Nothing to display in the text field. This usually happens when setting an initial `value` before any items are returned from the `dataProvider` callback. Consider setting `selectedItem` instead of `value`'
,HeadlessChrome 81.0.4044 (Windows 10.0.0) WARN: 'Warning: unable to determine the label for the provided `value`. Nothing to display in the text field. This usually happens when setting an initial `value` before any items are returned from the `dataProvider` callback. Consider setting `selectedItem` instead of `value`'
,HeadlessChrome 81.0.4044 (Windows 10.0.0) WARN: 'Warning: unable to determine the label for the provided `value`. Nothing to display in the text field. This usually happens when setting an initial `value` before any items are returned from the `dataProvider` callback. Consider setting `selectedItem` instead of `value`'
,HeadlessChrome 81.0.4044 (Windows 10.0.0) WARN: 'Warning: unable to determine the label for the provided `value`. Nothing to display in the text field. This usually happens when setting an initial `value` before any items are returned from the `dataProvider` callback. Consider setting `selectedItem` instead of `value`'
,HeadlessChrome 81.0.4044 (Windows 10.0.0) WARN: 'Warning: unable to determine the label for the provided `value`. Nothing to display in the text field. This usually happens when setting an initial `value` before any items are returned from the `dataProvider` callback. Consider setting `selectedItem` instead of `value`'

]]>
  </system-out>
  <system-err/>
</testsuite>