<?xml version="1.0" ?>
<!DOCTYPE coverage SYSTEM "http://cobertura.sourceforge.net/xml/coverage-04.dtd">
<coverage lines-valid="1226" lines-covered="1094" line-rate="0.8923000000000001" branches-valid="546" branches-covered="452" branch-rate="0.8278" timestamp="1588610734040" complexity="0" version="0.1">
  <sources>
    <source>D:\Development\Group Epic Dev\Group\Sites\Group Web\src\MarketWrite.Group.Web\group-additions</source>
  </sources>
  <packages>
    <package name="group-additions-app" line-rate="0.7773" branch-rate="0.6857">
      <classes>
        <class name="application-form-selection.js" filename="src\group-additions-app\application-form-selection.js" line-rate="0.7619" branch-rate="0.8332999999999999">
          <methods>
            <method name="(anonymous_0)" hits="1" signature="()V">
              <lines>
                <line number="8" hits="1"/>
              </lines>
            </method>
            <method name="(anonymous_1)" hits="11" signature="()V">
              <lines>
                <line number="17" hits="11"/>
              </lines>
            </method>
            <method name="(anonymous_2)" hits="17" signature="()V">
              <lines>
                <line number="25" hits="17"/>
              </lines>
            </method>
            <method name="(anonymous_3)" hits="0" signature="()V">
              <lines>
                <line number="45" hits="0"/>
              </lines>
            </method>
            <method name="(anonymous_4)" hits="12" signature="()V">
              <lines>
                <line number="49" hits="12"/>
              </lines>
            </method>
            <method name="(anonymous_5)" hits="4" signature="()V">
              <lines>
                <line number="66" hits="4"/>
              </lines>
            </method>
            <method name="(anonymous_6)" hits="0" signature="()V">
              <lines>
                <line number="73" hits="0"/>
              </lines>
            </method>
          </methods>
          <lines>
            <line number="5" hits="1" branch="false"/>
            <line number="9" hits="1" branch="false"/>
            <line number="18" hits="11" branch="false"/>
            <line number="19" hits="11" branch="false"/>
            <line number="23" hits="11" branch="false"/>
            <line number="26" hits="17" branch="false"/>
            <line number="46" hits="0" branch="false"/>
            <line number="50" hits="12" branch="true" condition-coverage="100% (4/4)"/>
            <line number="51" hits="1" branch="false"/>
            <line number="52" hits="1" branch="false"/>
            <line number="53" hits="1" branch="false"/>
            <line number="54" hits="1" branch="false"/>
            <line number="55" hits="1" branch="false"/>
            <line number="62" hits="1" branch="false"/>
            <line number="67" hits="4" branch="false"/>
            <line number="68" hits="4" branch="true" condition-coverage="50% (1/2)"/>
            <line number="69" hits="0" branch="false"/>
            <line number="74" hits="0" branch="false"/>
            <line number="75" hits="0" branch="false"/>
            <line number="76" hits="0" branch="false"/>
            <line number="79" hits="1" branch="false"/>
          </lines>
        </class>
        <class name="application-type-selection.js" filename="src\group-additions-app\application-type-selection.js" line-rate="1" branch-rate="1">
          <methods>
            <method name="(anonymous_0)" hits="1" signature="()V">
              <lines>
                <line number="8" hits="1"/>
              </lines>
            </method>
            <method name="(anonymous_1)" hits="13" signature="()V">
              <lines>
                <line number="15" hits="13"/>
              </lines>
            </method>
            <method name="(anonymous_2)" hits="20" signature="()V">
              <lines>
                <line number="20" hits="20"/>
              </lines>
            </method>
            <method name="(anonymous_3)" hits="6" signature="()V">
              <lines>
                <line number="40" hits="6"/>
              </lines>
            </method>
            <method name="(anonymous_4)" hits="19" signature="()V">
              <lines>
                <line number="43" hits="19"/>
              </lines>
            </method>
            <method name="(anonymous_5)" hits="3" signature="()V">
              <lines>
                <line number="56" hits="3"/>
              </lines>
            </method>
          </methods>
          <lines>
            <line number="5" hits="1" branch="false"/>
            <line number="9" hits="1" branch="false"/>
            <line number="16" hits="13" branch="false"/>
            <line number="17" hits="13" branch="false"/>
            <line number="18" hits="13" branch="false"/>
            <line number="21" hits="20" branch="false"/>
            <line number="41" hits="6" branch="false"/>
            <line number="44" hits="19" branch="true" condition-coverage="100% (4/4)"/>
            <line number="45" hits="9" branch="false"/>
            <line number="46" hits="9" branch="false"/>
            <line number="53" hits="9" branch="false"/>
            <line number="57" hits="3" branch="true" condition-coverage="100% (2/2)"/>
            <line number="58" hits="1" branch="false"/>
            <line number="60" hits="2" branch="true" condition-coverage="100% (2/2)"/>
            <line number="61" hits="1" branch="false"/>
            <line number="64" hits="1" branch="false"/>
            <line number="66" hits="3" branch="false"/>
            <line number="69" hits="1" branch="false"/>
          </lines>
        </class>
        <class name="company-search.js" filename="src\group-additions-app\company-search.js" line-rate="0.3333" branch-rate="0.25">
          <methods>
            <method name="(anonymous_0)" hits="1" signature="()V">
              <lines>
                <line number="5" hits="1"/>
              </lines>
            </method>
            <method name="(anonymous_1)" hits="25" signature="()V">
              <lines>
                <line number="10" hits="25"/>
              </lines>
            </method>
            <method name="(anonymous_2)" hits="25" signature="()V">
              <lines>
                <line number="12" hits="25"/>
              </lines>
            </method>
            <method name="(anonymous_3)" hits="0" signature="()V">
              <lines>
                <line number="13" hits="0"/>
              </lines>
            </method>
            <method name="(anonymous_4)" hits="0" signature="()V">
              <lines>
                <line number="16" hits="0"/>
              </lines>
            </method>
            <method name="(anonymous_5)" hits="0" signature="()V">
              <lines>
                <line number="18" hits="0"/>
              </lines>
            </method>
            <method name="(anonymous_6)" hits="0" signature="()V">
              <lines>
                <line number="36" hits="0"/>
              </lines>
            </method>
            <method name="(anonymous_7)" hits="0" signature="()V">
              <lines>
                <line number="45" hits="0"/>
              </lines>
            </method>
            <method name="(anonymous_8)" hits="0" signature="()V">
              <lines>
                <line number="48" hits="0"/>
              </lines>
            </method>
            <method name="(anonymous_9)" hits="0" signature="()V">
              <lines>
                <line number="51" hits="0"/>
              </lines>
            </method>
            <method name="(anonymous_10)" hits="0" signature="()V">
              <lines>
                <line number="54" hits="0"/>
              </lines>
            </method>
            <method name="(anonymous_11)" hits="50" signature="()V">
              <lines>
                <line number="63" hits="50"/>
              </lines>
            </method>
            <method name="(anonymous_12)" hits="28" signature="()V">
              <lines>
                <line number="66" hits="28"/>
              </lines>
            </method>
            <method name="(anonymous_13)" hits="25" signature="()V">
              <lines>
                <line number="94" hits="25"/>
              </lines>
            </method>
          </methods>
          <lines>
            <line number="6" hits="1" branch="false"/>
            <line number="11" hits="25" branch="false"/>
            <line number="12" hits="25" branch="false"/>
            <line number="13" hits="25" branch="false"/>
            <line number="15" hits="0" branch="false"/>
            <line number="16" hits="0" branch="false"/>
            <line number="17" hits="0" branch="false"/>
            <line number="18" hits="0" branch="false"/>
            <line number="19" hits="0" branch="false"/>
            <line number="23" hits="0" branch="true" condition-coverage="0% (0/2)"/>
            <line number="24" hits="0" branch="false"/>
            <line number="28" hits="0" branch="false"/>
            <line number="29" hits="0" branch="false"/>
            <line number="32" hits="0" branch="false"/>
            <line number="36" hits="25" branch="false"/>
            <line number="37" hits="0" branch="false"/>
            <line number="38" hits="0" branch="true" condition-coverage="0% (0/2)"/>
            <line number="39" hits="0" branch="false"/>
            <line number="42" hits="0" branch="false"/>
            <line number="43" hits="0" branch="false"/>
            <line number="46" hits="0" branch="false"/>
            <line number="49" hits="0" branch="false"/>
            <line number="52" hits="0" branch="false"/>
            <line number="55" hits="0" branch="false"/>
            <line number="64" hits="50" branch="false"/>
            <line number="67" hits="28" branch="false"/>
            <line number="95" hits="25" branch="true" condition-coverage="50% (2/4)"/>
            <line number="96" hits="0" branch="false"/>
            <line number="97" hits="0" branch="false"/>
            <line number="104" hits="0" branch="false"/>
            <line number="107" hits="25" branch="false"/>
            <line number="114" hits="25" branch="false"/>
            <line number="119" hits="1" branch="false"/>
          </lines>
        </class>
        <class name="contract-ssn-groups.js" filename="src\group-additions-app\contract-ssn-groups.js" line-rate="0.9101" branch-rate="0.6842">
          <methods>
            <method name="(anonymous_0)" hits="1" signature="()V">
              <lines>
                <line number="16" hits="1"/>
              </lines>
            </method>
            <method name="(anonymous_1)" hits="1" signature="()V">
              <lines>
                <line number="32" hits="1"/>
              </lines>
            </method>
            <method name="(anonymous_2)" hits="25" signature="()V">
              <lines>
                <line number="38" hits="25"/>
              </lines>
            </method>
            <method name="(anonymous_3)" hits="55" signature="()V">
              <lines>
                <line number="46" hits="55"/>
              </lines>
            </method>
            <method name="(anonymous_4)" hits="25" signature="()V">
              <lines>
                <line number="54" hits="25"/>
              </lines>
            </method>
            <method name="(anonymous_5)" hits="25" signature="()V">
              <lines>
                <line number="59" hits="25"/>
              </lines>
            </method>
            <method name="(anonymous_6)" hits="25" signature="()V">
              <lines>
                <line number="64" hits="25"/>
              </lines>
            </method>
            <method name="(anonymous_7)" hits="3" signature="()V">
              <lines>
                <line number="87" hits="3"/>
              </lines>
            </method>
            <method name="(anonymous_8)" hits="3" signature="()V">
              <lines>
                <line number="93" hits="3"/>
              </lines>
            </method>
            <method name="(anonymous_9)" hits="3" signature="()V">
              <lines>
                <line number="99" hits="3"/>
              </lines>
            </method>
            <method name="(anonymous_10)" hits="46" signature="()V">
              <lines>
                <line number="106" hits="46"/>
              </lines>
            </method>
            <method name="(anonymous_11)" hits="6" signature="()V">
              <lines>
                <line number="109" hits="6"/>
              </lines>
            </method>
            <method name="(anonymous_12)" hits="6" signature="()V">
              <lines>
                <line number="112" hits="6"/>
              </lines>
            </method>
            <method name="(anonymous_13)" hits="6" signature="()V">
              <lines>
                <line number="115" hits="6"/>
              </lines>
            </method>
            <method name="(anonymous_14)" hits="4" signature="()V">
              <lines>
                <line number="118" hits="4"/>
              </lines>
            </method>
            <method name="(anonymous_15)" hits="0" signature="()V">
              <lines>
                <line number="141" hits="0"/>
              </lines>
            </method>
            <method name="(anonymous_16)" hits="3" signature="()V">
              <lines>
                <line number="145" hits="3"/>
              </lines>
            </method>
            <method name="(anonymous_17)" hits="3" signature="()V">
              <lines>
                <line number="156" hits="3"/>
              </lines>
            </method>
            <method name="(anonymous_18)" hits="3" signature="()V">
              <lines>
                <line number="167" hits="3"/>
              </lines>
            </method>
            <method name="(anonymous_19)" hits="5" signature="()V">
              <lines>
                <line number="178" hits="5"/>
              </lines>
            </method>
            <method name="(anonymous_20)" hits="1" signature="()V">
              <lines>
                <line number="211" hits="1"/>
              </lines>
            </method>
            <method name="(anonymous_21)" hits="1" signature="()V">
              <lines>
                <line number="223" hits="1"/>
              </lines>
            </method>
            <method name="(anonymous_22)" hits="3" signature="()V">
              <lines>
                <line number="235" hits="3"/>
              </lines>
            </method>
            <method name="(anonymous_23)" hits="0" signature="()V">
              <lines>
                <line number="241" hits="0"/>
              </lines>
            </method>
            <method name="(anonymous_24)" hits="2" signature="()V">
              <lines>
                <line number="253" hits="2"/>
              </lines>
            </method>
          </methods>
          <lines>
            <line number="10" hits="1" branch="false"/>
            <line number="11" hits="1" branch="false"/>
            <line number="12" hits="1" branch="false"/>
            <line number="17" hits="1" branch="false"/>
            <line number="33" hits="1" branch="false"/>
            <line number="39" hits="25" branch="false"/>
            <line number="40" hits="25" branch="false"/>
            <line number="41" hits="25" branch="false"/>
            <line number="42" hits="25" branch="false"/>
            <line number="43" hits="25" branch="false"/>
            <line number="47" hits="55" branch="false"/>
            <line number="54" hits="25" branch="false"/>
            <line number="59" hits="25" branch="false"/>
            <line number="64" hits="25" branch="false"/>
            <line number="87" hits="3" branch="false"/>
            <line number="93" hits="3" branch="false"/>
            <line number="99" hits="3" branch="false"/>
            <line number="107" hits="46" branch="false"/>
            <line number="110" hits="6" branch="false"/>
            <line number="113" hits="6" branch="false"/>
            <line number="116" hits="6" branch="false"/>
            <line number="119" hits="4" branch="true" condition-coverage="100% (11/11)"/>
            <line number="122" hits="1" branch="false"/>
            <line number="125" hits="3" branch="false"/>
            <line number="126" hits="3" branch="false"/>
            <line number="127" hits="3" branch="false"/>
            <line number="128" hits="3" branch="false"/>
            <line number="129" hits="3" branch="false"/>
            <line number="130" hits="3" branch="false"/>
            <line number="131" hits="3" branch="false"/>
            <line number="132" hits="3" branch="false"/>
            <line number="133" hits="3" branch="false"/>
            <line number="138" hits="3" branch="false"/>
            <line number="142" hits="0" branch="false"/>
            <line number="146" hits="3" branch="false"/>
            <line number="147" hits="3" branch="false"/>
            <line number="154" hits="3" branch="false"/>
            <line number="157" hits="3" branch="false"/>
            <line number="158" hits="3" branch="false"/>
            <line number="165" hits="3" branch="false"/>
            <line number="168" hits="3" branch="false"/>
            <line number="169" hits="3" branch="false"/>
            <line number="176" hits="3" branch="false"/>
            <line number="179" hits="5" branch="true" condition-coverage="100% (5/5)"/>
            <line number="180" hits="3" branch="false"/>
            <line number="184" hits="3" branch="false"/>
            <line number="187" hits="2" branch="false"/>
            <line number="189" hits="5" branch="true" condition-coverage="100% (5/5)"/>
            <line number="190" hits="3" branch="false"/>
            <line number="194" hits="3" branch="false"/>
            <line number="197" hits="2" branch="false"/>
            <line number="199" hits="5" branch="true" condition-coverage="100% (5/5)"/>
            <line number="200" hits="3" branch="false"/>
            <line number="204" hits="3" branch="false"/>
            <line number="207" hits="2" branch="false"/>
            <line number="212" hits="1" branch="false"/>
            <line number="213" hits="1" branch="false"/>
            <line number="215" hits="1" branch="false"/>
            <line number="220" hits="1" branch="false"/>
            <line number="221" hits="1" branch="false"/>
            <line number="224" hits="1" branch="false"/>
            <line number="225" hits="1" branch="false"/>
            <line number="226" hits="1" branch="false"/>
            <line number="227" hits="1" branch="false"/>
            <line number="228" hits="1" branch="false"/>
            <line number="229" hits="1" branch="false"/>
            <line number="230" hits="1" branch="false"/>
            <line number="231" hits="1" branch="false"/>
            <line number="232" hits="1" branch="false"/>
            <line number="236" hits="3" branch="false"/>
            <line number="237" hits="3" branch="false"/>
            <line number="238" hits="3" branch="false"/>
            <line number="242" hits="0" branch="true" condition-coverage="0% (0/4)"/>
            <line number="243" hits="0" branch="false"/>
            <line number="245" hits="0" branch="true" condition-coverage="0% (0/4)"/>
            <line number="246" hits="0" branch="false"/>
            <line number="248" hits="0" branch="true" condition-coverage="0% (0/4)"/>
            <line number="249" hits="0" branch="false"/>
            <line number="251" hits="0" branch="false"/>
            <line number="254" hits="2" branch="false"/>
            <line number="255" hits="2" branch="false"/>
            <line number="256" hits="2" branch="false"/>
            <line number="257" hits="2" branch="false"/>
            <line number="258" hits="2" branch="false"/>
            <line number="259" hits="2" branch="false"/>
            <line number="260" hits="2" branch="false"/>
            <line number="261" hits="2" branch="false"/>
            <line number="262" hits="2" branch="false"/>
            <line number="266" hits="1" branch="false"/>
          </lines>
        </class>
        <class name="group-addition-styles.js" filename="src\group-additions-app\group-addition-styles.js" line-rate="1" branch-rate="1">
          <methods>
          </methods>
          <lines>
            <line number="3" hits="1" branch="false"/>
            <line number="10" hits="1" branch="false"/>
            <line number="18" hits="1" branch="false"/>
          </lines>
        </class>
        <class name="group-additions-app.js" filename="src\group-additions-app\group-additions-app.js" line-rate="0.74" branch-rate="0.7">
          <methods>
            <method name="(anonymous_0)" hits="1" signature="()V">
              <lines>
                <line number="14" hits="1"/>
              </lines>
            </method>
            <method name="(anonymous_1)" hits="10" signature="()V">
              <lines>
                <line number="26" hits="10"/>
              </lines>
            </method>
            <method name="(anonymous_2)" hits="10" signature="()V">
              <lines>
                <line number="33" hits="10"/>
              </lines>
            </method>
            <method name="(anonymous_3)" hits="16" signature="()V">
              <lines>
                <line number="47" hits="16"/>
              </lines>
            </method>
            <method name="(anonymous_4)" hits="4" signature="()V">
              <lines>
                <line number="82" hits="4"/>
              </lines>
            </method>
            <method name="(anonymous_5)" hits="0" signature="()V">
              <lines>
                <line number="91" hits="0"/>
              </lines>
            </method>
            <method name="(anonymous_6)" hits="7" signature="()V">
              <lines>
                <line number="97" hits="7"/>
              </lines>
            </method>
            <method name="(anonymous_7)" hits="1" signature="()V">
              <lines>
                <line number="101" hits="1"/>
              </lines>
            </method>
            <method name="(anonymous_8)" hits="3" signature="()V">
              <lines>
                <line number="108" hits="3"/>
              </lines>
            </method>
            <method name="(anonymous_9)" hits="6" signature="()V">
              <lines>
                <line number="128" hits="6"/>
              </lines>
            </method>
            <method name="(anonymous_10)" hits="0" signature="()V">
              <lines>
                <line number="146" hits="0"/>
              </lines>
            </method>
          </methods>
          <lines>
            <line number="9" hits="1" branch="false"/>
            <line number="10" hits="1" branch="false"/>
            <line number="11" hits="1" branch="false"/>
            <line number="15" hits="1" branch="false"/>
            <line number="27" hits="10" branch="false"/>
            <line number="28" hits="10" branch="false"/>
            <line number="29" hits="10" branch="false"/>
            <line number="30" hits="10" branch="false"/>
            <line number="31" hits="10" branch="false"/>
            <line number="32" hits="10" branch="false"/>
            <line number="33" hits="10" branch="false"/>
            <line number="34" hits="10" branch="true" condition-coverage="50% (1/2)"/>
            <line number="35" hits="0" branch="false"/>
            <line number="36" hits="0" branch="false"/>
            <line number="37" hits="0" branch="false"/>
            <line number="42" hits="0" branch="false"/>
            <line number="43" hits="0" branch="false"/>
            <line number="48" hits="16" branch="false"/>
            <line number="82" hits="4" branch="false"/>
            <line number="91" hits="0" branch="false"/>
            <line number="98" hits="7" branch="false"/>
            <line number="102" hits="1" branch="false"/>
            <line number="103" hits="1" branch="false"/>
            <line number="104" hits="1" branch="false"/>
            <line number="105" hits="1" branch="false"/>
            <line number="109" hits="3" branch="false"/>
            <line number="110" hits="3" branch="true" condition-coverage="100% (2/2)"/>
            <line number="111" hits="2" branch="false"/>
            <line number="112" hits="2" branch="true" condition-coverage="50% (1/2)"/>
            <line number="114" hits="0" branch="false"/>
            <line number="117" hits="2" branch="false"/>
            <line number="119" hits="2" branch="false"/>
            <line number="120" hits="2" branch="false"/>
            <line number="123" hits="1" branch="false"/>
            <line number="124" hits="1" branch="false"/>
            <line number="126" hits="3" branch="false"/>
            <line number="129" hits="6" branch="false"/>
            <line number="130" hits="6" branch="true" condition-coverage="50% (1/2)"/>
            <line number="131" hits="0" branch="false"/>
            <line number="132" hits="0" branch="false"/>
            <line number="133" hits="0" branch="false"/>
            <line number="136" hits="6" branch="true" condition-coverage="100% (2/2)"/>
            <line number="137" hits="2" branch="false"/>
            <line number="138" hits="2" branch="false"/>
            <line number="139" hits="2" branch="false"/>
            <line number="142" hits="4" branch="false"/>
            <line number="147" hits="0" branch="false"/>
            <line number="148" hits="0" branch="false"/>
            <line number="149" hits="0" branch="false"/>
            <line number="153" hits="1" branch="false"/>
          </lines>
        </class>
        <class name="oldapplication-redirect-dialog.js" filename="src\group-additions-app\oldapplication-redirect-dialog.js" line-rate="0.8332999999999999" branch-rate="1">
          <methods>
            <method name="(anonymous_0)" hits="1" signature="()V">
              <lines>
                <line number="6" hits="1"/>
              </lines>
            </method>
            <method name="(anonymous_1)" hits="11" signature="()V">
              <lines>
                <line number="11" hits="11"/>
              </lines>
            </method>
            <method name="(anonymous_2)" hits="0" signature="()V">
              <lines>
                <line number="22" hits="0"/>
              </lines>
            </method>
            <method name="(anonymous_3)" hits="1" signature="()V">
              <lines>
                <line number="27" hits="1"/>
              </lines>
            </method>
          </methods>
          <lines>
            <line number="7" hits="1" branch="false"/>
            <line number="12" hits="11" branch="false"/>
            <line number="23" hits="0" branch="false"/>
            <line number="28" hits="1" branch="false"/>
            <line number="35" hits="1" branch="false"/>
            <line number="38" hits="1" branch="false"/>
          </lines>
        </class>
      </classes>
    </package>
    <package name="group-additions-app.application-types" line-rate="0.9097" branch-rate="0.6939">
      <classes>
        <class name="add-family-member.js" filename="src\group-additions-app\application-types\add-family-member.js" line-rate="0.9483" branch-rate="0.6667000000000001">
          <methods>
            <method name="(anonymous_0)" hits="1" signature="()V">
              <lines>
                <line number="10" hits="1"/>
              </lines>
            </method>
            <method name="(anonymous_1)" hits="19" signature="()V">
              <lines>
                <line number="22" hits="19"/>
              </lines>
            </method>
            <method name="(anonymous_2)" hits="22" signature="()V">
              <lines>
                <line number="28" hits="22"/>
              </lines>
            </method>
            <method name="(anonymous_3)" hits="0" signature="()V">
              <lines>
                <line number="39" hits="0"/>
              </lines>
            </method>
            <method name="(anonymous_4)" hits="0" signature="()V">
              <lines>
                <line number="40" hits="0"/>
              </lines>
            </method>
            <method name="(anonymous_5)" hits="0" signature="()V">
              <lines>
                <line number="41" hits="0"/>
              </lines>
            </method>
            <method name="(anonymous_6)" hits="8" signature="()V">
              <lines>
                <line number="55" hits="8"/>
              </lines>
            </method>
            <method name="(anonymous_7)" hits="1" signature="()V">
              <lines>
                <line number="58" hits="1"/>
              </lines>
            </method>
            <method name="(anonymous_8)" hits="1" signature="()V">
              <lines>
                <line number="61" hits="1"/>
              </lines>
            </method>
            <method name="(anonymous_9)" hits="3" signature="()V">
              <lines>
                <line number="65" hits="3"/>
              </lines>
            </method>
            <method name="(anonymous_10)" hits="3" signature="()V">
              <lines>
                <line number="66" hits="3"/>
              </lines>
            </method>
            <method name="(anonymous_11)" hits="3" signature="()V">
              <lines>
                <line number="67" hits="3"/>
              </lines>
            </method>
            <method name="(anonymous_12)" hits="21" signature="()V">
              <lines>
                <line number="80" hits="21"/>
              </lines>
            </method>
            <method name="(anonymous_13)" hits="2" signature="()V">
              <lines>
                <line number="84" hits="2"/>
              </lines>
            </method>
            <method name="(anonymous_14)" hits="1" signature="()V">
              <lines>
                <line number="88" hits="1"/>
              </lines>
            </method>
            <method name="(anonymous_15)" hits="3" signature="()V">
              <lines>
                <line number="95" hits="3"/>
              </lines>
            </method>
            <method name="(anonymous_16)" hits="3" signature="()V">
              <lines>
                <line number="96" hits="3"/>
              </lines>
            </method>
            <method name="(anonymous_17)" hits="3" signature="()V">
              <lines>
                <line number="97" hits="3"/>
              </lines>
            </method>
            <method name="(anonymous_18)" hits="1" signature="()V">
              <lines>
                <line number="117" hits="1"/>
              </lines>
            </method>
          </methods>
          <lines>
            <line number="5" hits="1" branch="false"/>
            <line number="6" hits="1" branch="false"/>
            <line number="7" hits="1" branch="false"/>
            <line number="11" hits="1" branch="false"/>
            <line number="23" hits="19" branch="false"/>
            <line number="24" hits="19" branch="false"/>
            <line number="25" hits="19" branch="false"/>
            <line number="26" hits="19" branch="false"/>
            <line number="29" hits="22" branch="false"/>
            <line number="39" hits="0" branch="false"/>
            <line number="40" hits="0" branch="false"/>
            <line number="41" hits="0" branch="false"/>
            <line number="56" hits="8" branch="false"/>
            <line number="59" hits="1" branch="false"/>
            <line number="62" hits="1" branch="false"/>
            <line number="63" hits="1" branch="false"/>
            <line number="64" hits="1" branch="false"/>
            <line number="65" hits="3" branch="false"/>
            <line number="66" hits="3" branch="false"/>
            <line number="67" hits="3" branch="false"/>
            <line number="68" hits="1" branch="true" condition-coverage="50% (1/2)"/>
            <line number="69" hits="1" branch="false"/>
            <line number="71" hits="1" branch="true" condition-coverage="50% (1/2)"/>
            <line number="72" hits="1" branch="false"/>
            <line number="74" hits="1" branch="true" condition-coverage="50% (1/2)"/>
            <line number="75" hits="1" branch="false"/>
            <line number="77" hits="1" branch="false"/>
            <line number="78" hits="1" branch="false"/>
            <line number="81" hits="21" branch="false"/>
            <line number="82" hits="21" branch="false"/>
            <line number="85" hits="2" branch="false"/>
            <line number="86" hits="2" branch="false"/>
            <line number="89" hits="1" branch="false"/>
            <line number="90" hits="1" branch="false"/>
            <line number="91" hits="1" branch="false"/>
            <line number="92" hits="1" branch="false"/>
            <line number="93" hits="1" branch="false"/>
            <line number="94" hits="1" branch="false"/>
            <line number="95" hits="3" branch="true" condition-coverage="100% (2/2)"/>
            <line number="96" hits="3" branch="true" condition-coverage="100% (2/2)"/>
            <line number="97" hits="3" branch="true" condition-coverage="100% (2/2)"/>
            <line number="98" hits="1" branch="false"/>
            <line number="99" hits="1" branch="true" condition-coverage="50% (1/2)"/>
            <line number="100" hits="1" branch="false"/>
            <line number="103" hits="1" branch="false"/>
            <line number="104" hits="1" branch="true" condition-coverage="50% (1/2)"/>
            <line number="105" hits="1" branch="false"/>
            <line number="108" hits="1" branch="false"/>
            <line number="109" hits="1" branch="true" condition-coverage="50% (1/2)"/>
            <line number="110" hits="1" branch="false"/>
            <line number="113" hits="1" branch="false"/>
            <line number="114" hits="1" branch="false"/>
            <line number="118" hits="1" branch="false"/>
            <line number="119" hits="1" branch="false"/>
            <line number="120" hits="1" branch="false"/>
            <line number="121" hits="1" branch="false"/>
            <line number="122" hits="1" branch="false"/>
            <line number="125" hits="1" branch="false"/>
          </lines>
        </class>
        <class name="application-types.js" filename="src\group-additions-app\application-types\application-types.js" line-rate="1" branch-rate="0.8">
          <methods>
            <method name="(anonymous_0)" hits="1" signature="()V">
              <lines>
                <line number="9" hits="1"/>
              </lines>
            </method>
            <method name="(anonymous_1)" hits="15" signature="()V">
              <lines>
                <line number="17" hits="15"/>
              </lines>
            </method>
            <method name="(anonymous_2)" hits="21" signature="()V">
              <lines>
                <line number="22" hits="21"/>
              </lines>
            </method>
            <method name="(anonymous_3)" hits="9" signature="()V">
              <lines>
                <line number="34" hits="9"/>
              </lines>
            </method>
            <method name="(anonymous_4)" hits="5" signature="()V">
              <lines>
                <line number="38" hits="5"/>
              </lines>
            </method>
            <method name="(anonymous_5)" hits="3" signature="()V">
              <lines>
                <line number="58" hits="3"/>
              </lines>
            </method>
            <method name="(anonymous_6)" hits="2" signature="()V">
              <lines>
                <line number="63" hits="2"/>
              </lines>
            </method>
          </methods>
          <lines>
            <line number="5" hits="1" branch="false"/>
            <line number="6" hits="1" branch="false"/>
            <line number="10" hits="1" branch="false"/>
            <line number="18" hits="15" branch="false"/>
            <line number="19" hits="15" branch="false"/>
            <line number="20" hits="15" branch="false"/>
            <line number="23" hits="21" branch="false"/>
            <line number="35" hits="9" branch="false"/>
            <line number="39" hits="5" branch="true" condition-coverage="50% (1/2)"/>
            <line number="40" hits="5" branch="true" condition-coverage="100% (2/2)"/>
            <line number="41" hits="3" branch="false"/>
            <line number="42" hits="3" branch="false"/>
            <line number="43" hits="3" branch="false"/>
            <line number="45" hits="2" branch="true" condition-coverage="100% (2/2)"/>
            <line number="46" hits="1" branch="false"/>
            <line number="47" hits="1" branch="false"/>
            <line number="48" hits="1" branch="false"/>
            <line number="51" hits="1" branch="false"/>
            <line number="52" hits="1" branch="false"/>
            <line number="55" hits="5" branch="false"/>
            <line number="59" hits="3" branch="false"/>
            <line number="60" hits="3" branch="false"/>
            <line number="64" hits="2" branch="true" condition-coverage="100% (2/2)"/>
            <line number="65" hits="1" branch="false"/>
            <line number="66" hits="1" branch="false"/>
            <line number="67" hits="1" branch="false"/>
            <line number="69" hits="1" branch="true" condition-coverage="50% (1/2)"/>
            <line number="70" hits="1" branch="false"/>
            <line number="71" hits="1" branch="false"/>
            <line number="72" hits="1" branch="false"/>
            <line number="76" hits="1" branch="false"/>
          </lines>
        </class>
        <class name="new-enrollee.js" filename="src\group-additions-app\application-types\new-enrollee.js" line-rate="0.8332999999999999" branch-rate="0.6667000000000001">
          <methods>
            <method name="(anonymous_0)" hits="1" signature="()V">
              <lines>
                <line number="14" hits="1"/>
              </lines>
            </method>
            <method name="(anonymous_1)" hits="25" signature="()V">
              <lines>
                <line number="27" hits="25"/>
              </lines>
            </method>
            <method name="(anonymous_2)" hits="34" signature="()V">
              <lines>
                <line number="34" hits="34"/>
              </lines>
            </method>
            <method name="(anonymous_3)" hits="0" signature="()V">
              <lines>
                <line number="55" hits="0"/>
              </lines>
            </method>
            <method name="(anonymous_4)" hits="0" signature="()V">
              <lines>
                <line number="61" hits="0"/>
              </lines>
            </method>
            <method name="(anonymous_5)" hits="0" signature="()V">
              <lines>
                <line number="67" hits="0"/>
              </lines>
            </method>
            <method name="(anonymous_6)" hits="55" signature="()V">
              <lines>
                <line number="75" hits="55"/>
              </lines>
            </method>
            <method name="(anonymous_7)" hits="1" signature="()V">
              <lines>
                <line number="78" hits="1"/>
              </lines>
            </method>
            <method name="(anonymous_8)" hits="1" signature="()V">
              <lines>
                <line number="81" hits="1"/>
              </lines>
            </method>
            <method name="(anonymous_9)" hits="1" signature="()V">
              <lines>
                <line number="84" hits="1"/>
              </lines>
            </method>
            <method name="(anonymous_10)" hits="0" signature="()V">
              <lines>
                <line number="87" hits="0"/>
              </lines>
            </method>
            <method name="(anonymous_11)" hits="1" signature="()V">
              <lines>
                <line number="91" hits="1"/>
              </lines>
            </method>
            <method name="(anonymous_12)" hits="1" signature="()V">
              <lines>
                <line number="129" hits="1"/>
              </lines>
            </method>
            <method name="(anonymous_13)" hits="0" signature="()V">
              <lines>
                <line number="133" hits="0"/>
              </lines>
            </method>
            <method name="(anonymous_14)" hits="1" signature="()V">
              <lines>
                <line number="136" hits="1"/>
              </lines>
            </method>
            <method name="(anonymous_15)" hits="1" signature="()V">
              <lines>
                <line number="142" hits="1"/>
              </lines>
            </method>
            <method name="(anonymous_16)" hits="1" signature="()V">
              <lines>
                <line number="147" hits="1"/>
              </lines>
            </method>
            <method name="(anonymous_17)" hits="3" signature="()V">
              <lines>
                <line number="153" hits="3"/>
              </lines>
            </method>
            <method name="(anonymous_18)" hits="27" signature="()V">
              <lines>
                <line number="164" hits="27"/>
              </lines>
            </method>
            <method name="(anonymous_19)" hits="1" signature="()V">
              <lines>
                <line number="177" hits="1"/>
              </lines>
            </method>
          </methods>
          <lines>
            <line number="8" hits="1" branch="false"/>
            <line number="9" hits="1" branch="false"/>
            <line number="10" hits="1" branch="false"/>
            <line number="11" hits="1" branch="false"/>
            <line number="15" hits="1" branch="false"/>
            <line number="28" hits="25" branch="false"/>
            <line number="29" hits="25" branch="false"/>
            <line number="30" hits="25" branch="false"/>
            <line number="31" hits="25" branch="false"/>
            <line number="32" hits="25" branch="false"/>
            <line number="35" hits="34" branch="false"/>
            <line number="55" hits="0" branch="false"/>
            <line number="61" hits="0" branch="false"/>
            <line number="67" hits="0" branch="false"/>
            <line number="76" hits="55" branch="false"/>
            <line number="79" hits="1" branch="false"/>
            <line number="82" hits="1" branch="false"/>
            <line number="85" hits="1" branch="false"/>
            <line number="88" hits="0" branch="false"/>
            <line number="92" hits="1" branch="false"/>
            <line number="93" hits="1" branch="false"/>
            <line number="94" hits="1" branch="false"/>
            <line number="97" hits="1" branch="true" condition-coverage="60% (3/5)"/>
            <line number="98" hits="0" branch="false"/>
            <line number="102" hits="0" branch="false"/>
            <line number="105" hits="1" branch="false"/>
            <line number="107" hits="1" branch="true" condition-coverage="60% (3/5)"/>
            <line number="108" hits="0" branch="false"/>
            <line number="112" hits="0" branch="false"/>
            <line number="115" hits="1" branch="false"/>
            <line number="117" hits="1" branch="true" condition-coverage="60% (3/5)"/>
            <line number="118" hits="0" branch="false"/>
            <line number="122" hits="0" branch="false"/>
            <line number="125" hits="1" branch="false"/>
            <line number="130" hits="1" branch="false"/>
            <line number="134" hits="0" branch="false"/>
            <line number="137" hits="1" branch="false"/>
            <line number="138" hits="1" branch="false"/>
            <line number="139" hits="1" branch="false"/>
            <line number="143" hits="1" branch="false"/>
            <line number="144" hits="1" branch="false"/>
            <line number="145" hits="1" branch="false"/>
            <line number="148" hits="1" branch="false"/>
            <line number="149" hits="1" branch="false"/>
            <line number="150" hits="1" branch="false"/>
            <line number="154" hits="3" branch="true" condition-coverage="75% (3/4)"/>
            <line number="155" hits="3" branch="false"/>
            <line number="156" hits="3" branch="false"/>
            <line number="157" hits="3" branch="false"/>
            <line number="158" hits="3" branch="false"/>
            <line number="159" hits="3" branch="false"/>
            <line number="160" hits="3" branch="false"/>
            <line number="162" hits="3" branch="false"/>
            <line number="165" hits="27" branch="false"/>
            <line number="166" hits="27" branch="true" condition-coverage="100% (2/2)"/>
            <line number="167" hits="1" branch="false"/>
            <line number="168" hits="1" branch="false"/>
            <line number="169" hits="1" branch="false"/>
            <line number="172" hits="26" branch="false"/>
            <line number="173" hits="26" branch="false"/>
            <line number="178" hits="1" branch="false"/>
            <line number="179" hits="1" branch="false"/>
            <line number="180" hits="1" branch="false"/>
            <line number="181" hits="1" branch="false"/>
            <line number="182" hits="1" branch="false"/>
            <line number="185" hits="1" branch="false"/>
          </lines>
        </class>
      </classes>
    </package>
    <package name="group-additions-app.company-groups" line-rate="0.9398000000000001" branch-rate="0.9762000000000001">
      <classes>
        <class name="company-groups.js" filename="src\group-additions-app\company-groups\company-groups.js" line-rate="0.9306" branch-rate="0.973">
          <methods>
            <method name="(anonymous_0)" hits="1" signature="()V">
              <lines>
                <line number="12" hits="1"/>
              </lines>
            </method>
            <method name="(anonymous_1)" hits="1" signature="()V">
              <lines>
                <line number="34" hits="1"/>
              </lines>
            </method>
            <method name="(anonymous_2)" hits="30" signature="()V">
              <lines>
                <line number="44" hits="30"/>
              </lines>
            </method>
            <method name="(anonymous_3)" hits="69" signature="()V">
              <lines>
                <line number="53" hits="69"/>
              </lines>
            </method>
            <method name="(anonymous_4)" hits="30" signature="()V">
              <lines>
                <line number="67" hits="30"/>
              </lines>
            </method>
            <method name="(anonymous_5)" hits="30" signature="()V">
              <lines>
                <line number="72" hits="30"/>
              </lines>
            </method>
            <method name="(anonymous_6)" hits="30" signature="()V">
              <lines>
                <line number="77" hits="30"/>
              </lines>
            </method>
            <method name="(anonymous_7)" hits="14" signature="()V">
              <lines>
                <line number="120" hits="14"/>
              </lines>
            </method>
            <method name="(anonymous_8)" hits="3" signature="()V">
              <lines>
                <line number="123" hits="3"/>
              </lines>
            </method>
            <method name="(anonymous_9)" hits="0" signature="()V">
              <lines>
                <line number="146" hits="0"/>
              </lines>
            </method>
            <method name="(anonymous_10)" hits="7" signature="()V">
              <lines>
                <line number="158" hits="7"/>
              </lines>
            </method>
            <method name="(anonymous_11)" hits="4" signature="()V">
              <lines>
                <line number="185" hits="4"/>
              </lines>
            </method>
            <method name="(anonymous_12)" hits="3" signature="()V">
              <lines>
                <line number="208" hits="3"/>
              </lines>
            </method>
            <method name="(anonymous_13)" hits="1" signature="()V">
              <lines>
                <line number="214" hits="1"/>
              </lines>
            </method>
          </methods>
          <lines>
            <line number="13" hits="1" branch="false"/>
            <line number="35" hits="1" branch="false"/>
            <line number="45" hits="30" branch="false"/>
            <line number="46" hits="30" branch="false"/>
            <line number="47" hits="30" branch="false"/>
            <line number="48" hits="30" branch="false"/>
            <line number="49" hits="30" branch="false"/>
            <line number="50" hits="30" branch="false"/>
            <line number="51" hits="30" branch="false"/>
            <line number="55" hits="69" branch="false"/>
            <line number="67" hits="30" branch="false"/>
            <line number="72" hits="30" branch="false"/>
            <line number="77" hits="30" branch="false"/>
            <line number="121" hits="14" branch="false"/>
            <line number="124" hits="3" branch="true" condition-coverage="100% (11/11)"/>
            <line number="127" hits="2" branch="false"/>
            <line number="130" hits="1" branch="false"/>
            <line number="135" hits="1" branch="false"/>
            <line number="136" hits="1" branch="false"/>
            <line number="137" hits="1" branch="false"/>
            <line number="138" hits="1" branch="false"/>
            <line number="139" hits="1" branch="false"/>
            <line number="140" hits="1" branch="false"/>
            <line number="141" hits="1" branch="false"/>
            <line number="142" hits="1" branch="false"/>
            <line number="147" hits="0" branch="false"/>
            <line number="148" hits="0" branch="false"/>
            <line number="150" hits="0" branch="false"/>
            <line number="155" hits="0" branch="false"/>
            <line number="156" hits="0" branch="false"/>
            <line number="159" hits="7" branch="true" condition-coverage="100% (5/5)"/>
            <line number="160" hits="1" branch="false"/>
            <line number="161" hits="1" branch="false"/>
            <line number="162" hits="1" branch="false"/>
            <line number="163" hits="1" branch="false"/>
            <line number="164" hits="1" branch="false"/>
            <line number="165" hits="1" branch="false"/>
            <line number="169" hits="1" branch="false"/>
            <line number="170" hits="1" branch="false"/>
            <line number="171" hits="1" branch="false"/>
            <line number="174" hits="6" branch="true" condition-coverage="100% (4/4)"/>
            <line number="175" hits="2" branch="false"/>
            <line number="177" hits="4" branch="true" condition-coverage="100% (4/4)"/>
            <line number="178" hits="2" branch="false"/>
            <line number="180" hits="2" branch="true" condition-coverage="75% (3/4)"/>
            <line number="181" hits="2" branch="false"/>
            <line number="183" hits="7" branch="false"/>
            <line number="186" hits="4" branch="false"/>
            <line number="187" hits="4" branch="true" condition-coverage="100% (4/4)"/>
            <line number="188" hits="1" branch="false"/>
            <line number="189" hits="1" branch="false"/>
            <line number="192" hits="2" branch="false"/>
            <line number="193" hits="2" branch="false"/>
            <line number="194" hits="2" branch="false"/>
            <line number="195" hits="2" branch="true" condition-coverage="100% (5/5)"/>
            <line number="196" hits="1" branch="false"/>
            <line number="197" hits="1" branch="false"/>
            <line number="200" hits="1" branch="false"/>
            <line number="201" hits="1" branch="false"/>
            <line number="202" hits="1" branch="false"/>
            <line number="203" hits="1" branch="false"/>
            <line number="205" hits="2" branch="false"/>
            <line number="209" hits="3" branch="false"/>
            <line number="210" hits="3" branch="false"/>
            <line number="211" hits="3" branch="false"/>
            <line number="212" hits="3" branch="false"/>
            <line number="215" hits="1" branch="false"/>
            <line number="216" hits="1" branch="false"/>
            <line number="217" hits="1" branch="false"/>
            <line number="218" hits="1" branch="false"/>
            <line number="219" hits="1" branch="false"/>
            <line number="222" hits="1" branch="false"/>
          </lines>
        </class>
        <class name="product-groups.js" filename="src\group-additions-app\company-groups\product-groups.js" line-rate="1" branch-rate="1">
          <methods>
            <method name="(anonymous_0)" hits="1" signature="()V">
              <lines>
                <line number="6" hits="1"/>
              </lines>
            </method>
            <method name="(anonymous_1)" hits="337" signature="()V">
              <lines>
                <line number="13" hits="337"/>
              </lines>
            </method>
            <method name="(anonymous_2)" hits="165" signature="()V">
              <lines>
                <line number="31" hits="165"/>
              </lines>
            </method>
            <method name="(anonymous_3)" hits="84" signature="()V">
              <lines>
                <line number="37" hits="84"/>
              </lines>
            </method>
            <method name="(anonymous_4)" hits="165" signature="()V">
              <lines>
                <line number="44" hits="165"/>
              </lines>
            </method>
          </methods>
          <lines>
            <line number="7" hits="1" branch="false"/>
            <line number="14" hits="337" branch="false"/>
            <line number="31" hits="165" branch="false"/>
            <line number="38" hits="84" branch="false"/>
            <line number="39" hits="84" branch="true" condition-coverage="100% (5/5)"/>
            <line number="40" hits="6" branch="false"/>
            <line number="42" hits="84" branch="false"/>
            <line number="45" hits="165" branch="false"/>
            <line number="46" hits="165" branch="false"/>
            <line number="51" hits="165" branch="false"/>
            <line number="54" hits="1" branch="false"/>
          </lines>
        </class>
      </classes>
    </package>
    <package name="group-additions-app.contract-ssn-search" line-rate="0.8381000000000001" branch-rate="0.76">
      <classes>
        <class name="contract-search.js" filename="src\group-additions-app\contract-ssn-search\contract-search.js" line-rate="1" branch-rate="1">
          <methods>
            <method name="(anonymous_0)" hits="1" signature="()V">
              <lines>
                <line number="6" hits="1"/>
              </lines>
            </method>
            <method name="(anonymous_1)" hits="25" signature="()V">
              <lines>
                <line number="11" hits="25"/>
              </lines>
            </method>
            <method name="(anonymous_2)" hits="27" signature="()V">
              <lines>
                <line number="15" hits="27"/>
              </lines>
            </method>
            <method name="(anonymous_3)" hits="4" signature="()V">
              <lines>
                <line number="36" hits="4"/>
              </lines>
            </method>
            <method name="(anonymous_4)" hits="34" signature="()V">
              <lines>
                <line number="39" hits="34"/>
              </lines>
            </method>
            <method name="(anonymous_5)" hits="6" signature="()V">
              <lines>
                <line number="42" hits="6"/>
              </lines>
            </method>
            <method name="(anonymous_6)" hits="2" signature="()V">
              <lines>
                <line number="45" hits="2"/>
              </lines>
            </method>
            <method name="(anonymous_7)" hits="21" signature="()V">
              <lines>
                <line number="48" hits="21"/>
              </lines>
            </method>
            <method name="(anonymous_8)" hits="5" signature="()V">
              <lines>
                <line number="54" hits="5"/>
              </lines>
            </method>
            <method name="(anonymous_9)" hits="1" signature="()V">
              <lines>
                <line number="88" hits="1"/>
              </lines>
            </method>
            <method name="(anonymous_10)" hits="2" signature="()V">
              <lines>
                <line number="92" hits="2"/>
              </lines>
            </method>
          </methods>
          <lines>
            <line number="7" hits="1" branch="false"/>
            <line number="12" hits="25" branch="false"/>
            <line number="13" hits="25" branch="false"/>
            <line number="16" hits="27" branch="false"/>
            <line number="37" hits="4" branch="false"/>
            <line number="40" hits="34" branch="false"/>
            <line number="43" hits="6" branch="false"/>
            <line number="46" hits="2" branch="false"/>
            <line number="49" hits="21" branch="true" condition-coverage="100% (2/2)"/>
            <line number="50" hits="2" branch="false"/>
            <line number="51" hits="2" branch="false"/>
            <line number="55" hits="5" branch="true" condition-coverage="100% (4/4)"/>
            <line number="56" hits="3" branch="true" condition-coverage="100% (2/2)"/>
            <line number="57" hits="1" branch="false"/>
            <line number="58" hits="1" branch="false"/>
            <line number="60" hits="2" branch="true" condition-coverage="100% (2/2)"/>
            <line number="61" hits="1" branch="false"/>
            <line number="62" hits="1" branch="false"/>
            <line number="68" hits="1" branch="false"/>
            <line number="71" hits="1" branch="false"/>
            <line number="78" hits="1" branch="false"/>
            <line number="79" hits="1" branch="false"/>
            <line number="83" hits="2" branch="false"/>
            <line number="84" hits="2" branch="false"/>
            <line number="89" hits="1" branch="false"/>
            <line number="90" hits="1" branch="false"/>
            <line number="93" hits="2" branch="true" condition-coverage="100% (2/2)"/>
            <line number="94" hits="1" branch="false"/>
            <line number="95" hits="1" branch="false"/>
            <line number="97" hits="1" branch="false"/>
            <line number="98" hits="1" branch="false"/>
            <line number="105" hits="1" branch="false"/>
            <line number="107" hits="1" branch="false"/>
            <line number="108" hits="1" branch="false"/>
            <line number="114" hits="1" branch="false"/>
            <line number="117" hits="1" branch="false"/>
          </lines>
        </class>
        <class name="contract-ssn-search.js" filename="src\group-additions-app\contract-ssn-search\contract-ssn-search.js" line-rate="0.8889" branch-rate="1">
          <methods>
            <method name="(anonymous_0)" hits="1" signature="()V">
              <lines>
                <line number="16" hits="1"/>
              </lines>
            </method>
            <method name="(anonymous_1)" hits="1" signature="()V">
              <lines>
                <line number="23" hits="1"/>
              </lines>
            </method>
            <method name="(anonymous_2)" hits="19" signature="()V">
              <lines>
                <line number="28" hits="19"/>
              </lines>
            </method>
            <method name="(anonymous_3)" hits="19" signature="()V">
              <lines>
                <line number="34" hits="19"/>
              </lines>
            </method>
            <method name="(anonymous_4)" hits="2" signature="()V">
              <lines>
                <line number="53" hits="2"/>
              </lines>
            </method>
            <method name="(anonymous_5)" hits="42" signature="()V">
              <lines>
                <line number="56" hits="42"/>
              </lines>
            </method>
            <method name="(anonymous_6)" hits="0" signature="()V">
              <lines>
                <line number="59" hits="0"/>
              </lines>
            </method>
            <method name="(anonymous_7)" hits="0" signature="()V">
              <lines>
                <line number="62" hits="0"/>
              </lines>
            </method>
            <method name="(anonymous_8)" hits="19" signature="()V">
              <lines>
                <line number="66" hits="19"/>
              </lines>
            </method>
            <method name="(anonymous_9)" hits="2" signature="()V">
              <lines>
                <line number="82" hits="2"/>
              </lines>
            </method>
          </methods>
          <lines>
            <line number="11" hits="1" branch="false"/>
            <line number="12" hits="1" branch="false"/>
            <line number="13" hits="1" branch="false"/>
            <line number="17" hits="1" branch="false"/>
            <line number="24" hits="1" branch="false"/>
            <line number="29" hits="19" branch="false"/>
            <line number="30" hits="19" branch="false"/>
            <line number="31" hits="19" branch="false"/>
            <line number="32" hits="19" branch="false"/>
            <line number="35" hits="19" branch="false"/>
            <line number="54" hits="2" branch="false"/>
            <line number="57" hits="42" branch="false"/>
            <line number="60" hits="0" branch="false"/>
            <line number="63" hits="0" branch="false"/>
            <line number="64" hits="0" branch="false"/>
            <line number="67" hits="19" branch="false"/>
            <line number="68" hits="19" branch="false"/>
            <line number="69" hits="19" branch="false"/>
            <line number="70" hits="19" branch="false"/>
            <line number="71" hits="19" branch="false"/>
            <line number="73" hits="19" branch="false"/>
            <line number="80" hits="19" branch="false"/>
            <line number="83" hits="2" branch="false"/>
            <line number="84" hits="2" branch="false"/>
            <line number="85" hits="2" branch="false"/>
            <line number="86" hits="2" branch="false"/>
            <line number="90" hits="1" branch="false"/>
          </lines>
        </class>
        <class name="result-grid.js" filename="src\group-additions-app\contract-ssn-search\result-grid.js" line-rate="0.3529" branch-rate="0">
          <methods>
            <method name="(anonymous_0)" hits="1" signature="()V">
              <lines>
                <line number="6" hits="1"/>
              </lines>
            </method>
            <method name="(anonymous_1)" hits="1" signature="()V">
              <lines>
                <line number="12" hits="1"/>
              </lines>
            </method>
            <method name="(anonymous_2)" hits="19" signature="()V">
              <lines>
                <line number="17" hits="19"/>
              </lines>
            </method>
            <method name="(anonymous_3)" hits="0" signature="()V">
              <lines>
                <line number="21" hits="0"/>
              </lines>
            </method>
            <method name="(anonymous_4)" hits="19" signature="()V">
              <lines>
                <line number="24" hits="19"/>
              </lines>
            </method>
            <method name="(anonymous_5)" hits="0" signature="()V">
              <lines>
                <line number="65" hits="0"/>
              </lines>
            </method>
            <method name="(anonymous_6)" hits="0" signature="()V">
              <lines>
                <line number="71" hits="0"/>
              </lines>
            </method>
          </methods>
          <lines>
            <line number="7" hits="1" branch="false"/>
            <line number="13" hits="1" branch="false"/>
            <line number="18" hits="19" branch="false"/>
            <line number="19" hits="19" branch="false"/>
            <line number="22" hits="0" branch="false"/>
            <line number="25" hits="19" branch="false"/>
            <line number="66" hits="0" branch="true" condition-coverage="0% (0/2)"/>
            <line number="67" hits="0" branch="false"/>
            <line number="68" hits="0" branch="false"/>
            <line number="69" hits="0" branch="false"/>
            <line number="70" hits="0" branch="false"/>
            <line number="71" hits="0" branch="false"/>
            <line number="72" hits="0" branch="true" condition-coverage="0% (0/2)"/>
            <line number="73" hits="0" branch="false"/>
            <line number="74" hits="0" branch="false"/>
            <line number="78" hits="0" branch="false"/>
            <line number="81" hits="1" branch="false"/>
          </lines>
        </class>
        <class name="ssn-search.js" filename="src\group-additions-app\contract-ssn-search\ssn-search.js" line-rate="0.88" branch-rate="0.7778">
          <methods>
            <method name="(anonymous_0)" hits="1" signature="()V">
              <lines>
                <line number="9" hits="1"/>
              </lines>
            </method>
            <method name="(anonymous_1)" hits="22" signature="()V">
              <lines>
                <line number="14" hits="22"/>
              </lines>
            </method>
            <method name="(anonymous_2)" hits="24" signature="()V">
              <lines>
                <line number="18" hits="24"/>
              </lines>
            </method>
            <method name="(anonymous_3)" hits="2" signature="()V">
              <lines>
                <line number="35" hits="2"/>
              </lines>
            </method>
            <method name="(anonymous_4)" hits="27" signature="()V">
              <lines>
                <line number="38" hits="27"/>
              </lines>
            </method>
            <method name="(anonymous_5)" hits="7" signature="()V">
              <lines>
                <line number="41" hits="7"/>
              </lines>
            </method>
            <method name="(anonymous_6)" hits="21" signature="()V">
              <lines>
                <line number="44" hits="21"/>
              </lines>
            </method>
            <method name="(anonymous_7)" hits="2" signature="()V">
              <lines>
                <line number="50" hits="2"/>
              </lines>
            </method>
            <method name="(anonymous_8)" hits="1" signature="()V">
              <lines>
                <line number="66" hits="1"/>
              </lines>
            </method>
            <method name="(anonymous_9)" hits="1" signature="()V">
              <lines>
                <line number="70" hits="1"/>
              </lines>
            </method>
          </methods>
          <lines>
            <line number="10" hits="1" branch="false"/>
            <line number="15" hits="22" branch="false"/>
            <line number="16" hits="22" branch="false"/>
            <line number="19" hits="24" branch="false"/>
            <line number="36" hits="2" branch="false"/>
            <line number="39" hits="27" branch="false"/>
            <line number="42" hits="7" branch="false"/>
            <line number="45" hits="21" branch="true" condition-coverage="100% (2/2)"/>
            <line number="46" hits="2" branch="false"/>
            <line number="47" hits="2" branch="false"/>
            <line number="51" hits="2" branch="true" condition-coverage="80% (4/5)"/>
            <line number="52" hits="0" branch="false"/>
            <line number="59" hits="0" branch="false"/>
            <line number="62" hits="2" branch="false"/>
            <line number="64" hits="2" branch="false"/>
            <line number="67" hits="1" branch="false"/>
            <line number="68" hits="1" branch="false"/>
            <line number="71" hits="1" branch="true" condition-coverage="50% (1/2)"/>
            <line number="72" hits="0" branch="false"/>
            <line number="74" hits="1" branch="false"/>
            <line number="76" hits="1" branch="false"/>
            <line number="83" hits="1" branch="false"/>
            <line number="85" hits="1" branch="false"/>
            <line number="89" hits="1" branch="false"/>
            <line number="92" hits="1" branch="false"/>
          </lines>
        </class>
      </classes>
    </package>
    <package name="group-additions-app.custom-controls" line-rate="0.9636" branch-rate="0.809">
      <classes>
        <class name="dynamic-vaadin-notification.js" filename="src\group-additions-app\custom-controls\dynamic-vaadin-notification.js" line-rate="1" branch-rate="1">
          <methods>
            <method name="(anonymous_0)" hits="1" signature="()V">
              <lines>
                <line number="5" hits="1"/>
              </lines>
            </method>
            <method name="(anonymous_1)" hits="213" signature="()V">
              <lines>
                <line number="12" hits="213"/>
              </lines>
            </method>
            <method name="(anonymous_2)" hits="46" signature="()V">
              <lines>
                <line number="18" hits="46"/>
              </lines>
            </method>
            <method name="(anonymous_3)" hits="212" signature="()V">
              <lines>
                <line number="21" hits="212"/>
              </lines>
            </method>
            <method name="(anonymous_4)" hits="23" signature="()V">
              <lines>
                <line number="23" hits="23"/>
              </lines>
            </method>
          </methods>
          <lines>
            <line number="6" hits="1" branch="false"/>
            <line number="13" hits="213" branch="false"/>
            <line number="19" hits="46" branch="false"/>
            <line number="22" hits="212" branch="true" condition-coverage="100% (2/2)"/>
            <line number="23" hits="23" branch="false"/>
            <line number="24" hits="23" branch="false"/>
            <line number="26" hits="23" branch="false"/>
            <line number="28" hits="212" branch="false"/>
            <line number="31" hits="1" branch="false"/>
          </lines>
        </class>
        <class name="radio-group-dynamic.js" filename="src\group-additions-app\custom-controls\radio-group-dynamic.js" line-rate="1" branch-rate="0.8332999999999999">
          <methods>
            <method name="(anonymous_0)" hits="1" signature="()V">
              <lines>
                <line number="8" hits="1"/>
              </lines>
            </method>
            <method name="(anonymous_1)" hits="178" signature="()V">
              <lines>
                <line number="13" hits="178"/>
              </lines>
            </method>
            <method name="(anonymous_2)" hits="165" signature="()V">
              <lines>
                <line number="36" hits="165"/>
              </lines>
            </method>
            <method name="(anonymous_3)" hits="6" signature="()V">
              <lines>
                <line number="44" hits="6"/>
              </lines>
            </method>
          </methods>
          <lines>
            <line number="9" hits="1" branch="false"/>
            <line number="14" hits="178" branch="false"/>
            <line number="15" hits="178" branch="true" condition-coverage="100% (4/4)"/>
            <line number="16" hits="13" branch="false"/>
            <line number="17" hits="22" branch="false"/>
            <line number="22" hits="178" branch="false"/>
            <line number="37" hits="165" branch="false"/>
            <line number="42" hits="165" branch="false"/>
            <line number="45" hits="6" branch="true" condition-coverage="50% (1/2)"/>
            <line number="46" hits="6" branch="false"/>
            <line number="47" hits="6" branch="false"/>
            <line number="49" hits="6" branch="false"/>
            <line number="53" hits="1" branch="false"/>
          </lines>
        </class>
        <class name="select-list-dynamic.js" filename="src\group-additions-app\custom-controls\select-list-dynamic.js" line-rate="1" branch-rate="0.9706">
          <methods>
            <method name="(anonymous_0)" hits="1" signature="()V">
              <lines>
                <line number="9" hits="1"/>
              </lines>
            </method>
            <method name="(anonymous_1)" hits="304" signature="()V">
              <lines>
                <line number="27" hits="304"/>
              </lines>
            </method>
            <method name="(anonymous_2)" hits="304" signature="()V">
              <lines>
                <line number="31" hits="304"/>
              </lines>
            </method>
            <method name="(anonymous_3)" hits="426" signature="()V">
              <lines>
                <line number="37" hits="426"/>
              </lines>
            </method>
            <method name="(anonymous_4)" hits="4" signature="()V">
              <lines>
                <line number="45" hits="4"/>
              </lines>
            </method>
            <method name="(anonymous_5)" hits="345" signature="()V">
              <lines>
                <line number="79" hits="345"/>
              </lines>
            </method>
            <method name="(anonymous_6)" hits="174" signature="()V">
              <lines>
                <line number="82" hits="174"/>
              </lines>
            </method>
            <method name="(anonymous_7)" hits="51" signature="()V">
              <lines>
                <line number="85" hits="51"/>
              </lines>
            </method>
            <method name="(anonymous_8)" hits="373" signature="()V">
              <lines>
                <line number="102" hits="373"/>
              </lines>
            </method>
            <method name="(anonymous_9)" hits="894" signature="()V">
              <lines>
                <line number="115" hits="894"/>
              </lines>
            </method>
          </methods>
          <lines>
            <line number="10" hits="1" branch="false"/>
            <line number="28" hits="304" branch="false"/>
            <line number="29" hits="304" branch="false"/>
            <line number="30" hits="304" branch="false"/>
            <line number="31" hits="304" branch="false"/>
            <line number="32" hits="304" branch="true" condition-coverage="100% (2/2)"/>
            <line number="33" hits="201" branch="false"/>
            <line number="38" hits="426" branch="false"/>
            <line number="39" hits="426" branch="false"/>
            <line number="40" hits="426" branch="true" condition-coverage="100% (4/4)"/>
            <line number="41" hits="3" branch="false"/>
            <line number="42" hits="3" branch="true" condition-coverage="100% (2/2)"/>
            <line number="43" hits="2" branch="false"/>
            <line number="45" hits="3" branch="false"/>
            <line number="46" hits="4" branch="false"/>
            <line number="49" hits="3" branch="false"/>
            <line number="52" hits="426" branch="false"/>
            <line number="80" hits="345" branch="false"/>
            <line number="83" hits="174" branch="false"/>
            <line number="86" hits="51" branch="false"/>
            <line number="88" hits="51" branch="true" condition-coverage="100% (5/5)"/>
            <line number="89" hits="1" branch="false"/>
            <line number="91" hits="33" branch="true" condition-coverage="100% (4/4)"/>
            <line number="92" hits="1" branch="false"/>
            <line number="94" hits="32" branch="true" condition-coverage="100% (2/2)"/>
            <line number="95" hits="6" branch="false"/>
            <line number="98" hits="26" branch="false"/>
            <line number="100" hits="34" branch="false"/>
            <line number="103" hits="373" branch="true" condition-coverage="100% (2/2)"/>
            <line number="104" hits="69" branch="false"/>
            <line number="105" hits="69" branch="false"/>
            <line number="112" hits="69" branch="false"/>
            <line number="116" hits="894" branch="true" condition-coverage="100% (5/5)"/>
            <line number="117" hits="36" branch="true" condition-coverage="75% (3/4)"/>
            <line number="118" hits="36" branch="false"/>
            <line number="119" hits="36" branch="false"/>
            <line number="122" hits="858" branch="true" condition-coverage="100% (4/4)"/>
            <line number="123" hits="50" branch="false"/>
            <line number="124" hits="50" branch="false"/>
            <line number="126" hits="894" branch="false"/>
            <line number="130" hits="1" branch="false"/>
          </lines>
        </class>
        <class name="ssn-vaadin-text-field.js" filename="src\group-additions-app\custom-controls\ssn-vaadin-text-field.js" line-rate="0.9148999999999999" branch-rate="0.6809000000000001">
          <methods>
            <method name="(anonymous_0)" hits="1" signature="()V">
              <lines>
                <line number="4" hits="1"/>
              </lines>
            </method>
            <method name="(anonymous_1)" hits="34" signature="()V">
              <lines>
                <line number="10" hits="34"/>
              </lines>
            </method>
            <method name="(anonymous_2)" hits="164" signature="()V">
              <lines>
                <line number="24" hits="164"/>
              </lines>
            </method>
            <method name="(anonymous_3)" hits="1" signature="()V">
              <lines>
                <line number="27" hits="1"/>
              </lines>
            </method>
            <method name="(anonymous_4)" hits="6" signature="()V">
              <lines>
                <line number="30" hits="6"/>
              </lines>
            </method>
            <method name="(anonymous_5)" hits="6" signature="()V">
              <lines>
                <line number="46" hits="6"/>
              </lines>
            </method>
            <method name="(anonymous_6)" hits="0" signature="()V">
              <lines>
                <line number="69" hits="0"/>
              </lines>
            </method>
            <method name="(anonymous_7)" hits="2" signature="()V">
              <lines>
                <line number="89" hits="2"/>
              </lines>
            </method>
            <method name="(anonymous_8)" hits="6" signature="()V">
              <lines>
                <line number="94" hits="6"/>
              </lines>
            </method>
            <method name="(anonymous_9)" hits="1" signature="()V">
              <lines>
                <line number="113" hits="1"/>
              </lines>
            </method>
          </methods>
          <lines>
            <line number="5" hits="1" branch="false"/>
            <line number="11" hits="34" branch="false"/>
            <line number="25" hits="164" branch="false"/>
            <line number="28" hits="1" branch="false"/>
            <line number="31" hits="6" branch="false"/>
            <line number="32" hits="6" branch="false"/>
            <line number="33" hits="49" branch="false"/>
[...]
            <line number="126" hits="18" branch="false"/>
            <line number="130" hits="48" branch="true" condition-coverage="100% (4/4)"/>
            <line number="131" hits="1" branch="false"/>
            <line number="134" hits="47" branch="false"/>
            <line number="140" hits="15" branch="true" condition-coverage="80% (4/5)"/>
            <line number="143" hits="15" branch="true" condition-coverage="100% (2/2)"/>
            <line number="144" hits="14" branch="false"/>
            <line number="147" hits="15" branch="false"/>
            <line number="152" hits="1" branch="false"/>
          </lines>
        </class>
        <class name="upload-requirement-document.js" filename="src\group-additions-app\data-entry\upload-requirement-document\upload-requirement-document.js" line-rate="1" branch-rate="0.75">
          <methods>
            <method name="(anonymous_0)" hits="1" signature="()V">
              <lines>
                <line number="11" hits="1"/>
              </lines>
            </method>
            <method name="(anonymous_1)" hits="72" signature="()V">
              <lines>
                <line number="17" hits="72"/>
              </lines>
            </method>
            <method name="(anonymous_2)" hits="87" signature="()V">
              <lines>
                <line number="22" hits="87"/>
              </lines>
            </method>
            <method name="(anonymous_3)" hits="12" signature="()V">
              <lines>
                <line number="58" hits="12"/>
              </lines>
            </method>
            <method name="(anonymous_4)" hits="13" signature="()V">
              <lines>
                <line number="70" hits="13"/>
              </lines>
            </method>
            <method name="(anonymous_5)" hits="11" signature="()V">
              <lines>
                <line number="78" hits="11"/>
              </lines>
            </method>
            <method name="(anonymous_6)" hits="11" signature="()V">
              <lines>
                <line number="81" hits="11"/>
              </lines>
            </method>
            <method name="(anonymous_7)" hits="12" signature="()V">
              <lines>
                <line number="88" hits="12"/>
              </lines>
            </method>
            <method name="(anonymous_8)" hits="1" signature="()V">
              <lines>
                <line number="91" hits="1"/>
              </lines>
            </method>
          </methods>
          <lines>
            <line number="12" hits="1" branch="false"/>
            <line number="18" hits="72" branch="false"/>
            <line number="19" hits="72" branch="false"/>
            <line number="23" hits="87" branch="false"/>
            <line number="59" hits="12" branch="false"/>
            <line number="60" hits="12" branch="false"/>
            <line number="61" hits="12" branch="false"/>
            <line number="62" hits="12" branch="false"/>
            <line number="63" hits="12" branch="false"/>
            <line number="64" hits="12" branch="true" condition-coverage="100% (2/2)"/>
            <line number="65" hits="3" branch="false"/>
            <line number="68" hits="12" branch="false"/>
            <line number="71" hits="13" branch="false"/>
            <line number="72" hits="13" branch="false"/>
            <line number="73" hits="13" branch="false"/>
            <line number="74" hits="13" branch="false"/>
            <line number="75" hits="13" branch="false"/>
            <line number="79" hits="11" branch="false"/>
            <line number="80" hits="11" branch="false"/>
            <line number="81" hits="11" branch="false"/>
            <line number="82" hits="11" branch="false"/>
            <line number="83" hits="11" branch="false"/>
            <line number="84" hits="11" branch="false"/>
            <line number="86" hits="11" branch="false"/>
            <line number="89" hits="12" branch="true" condition-coverage="50% (1/2)"/>
            <line number="90" hits="12" branch="false"/>
            <line number="91" hits="12" branch="false"/>
            <line number="92" hits="1" branch="false"/>
            <line number="95" hits="12" branch="false"/>
            <line number="101" hits="1" branch="false"/>
          </lines>
        </class>
      </classes>
    </package>
    <package name="group-additions-app.selected-company-groups" line-rate="0.973" branch-rate="0.9473999999999999">
      <classes>
        <class name="selected-company-groups.js" filename="src\group-additions-app\selected-company-groups\selected-company-groups.js" line-rate="1" branch-rate="1">
          <methods>
            <method name="(anonymous_0)" hits="1" signature="()V">
              <lines>
                <line number="7" hits="1"/>
              </lines>
            </method>
            <method name="(anonymous_1)" hits="1" signature="()V">
              <lines>
                <line number="19" hits="1"/>
              </lines>
            </method>
            <method name="(anonymous_2)" hits="80" signature="()V">
              <lines>
                <line number="25" hits="80"/>
              </lines>
            </method>
            <method name="(anonymous_3)" hits="9" signature="()V">
              <lines>
                <line number="51" hits="9"/>
              </lines>
            </method>
            <method name="(anonymous_4)" hits="9" signature="()V">
              <lines>
                <line number="54" hits="9"/>
              </lines>
            </method>
            <method name="(anonymous_5)" hits="9" signature="()V">
              <lines>
                <line number="57" hits="9"/>
              </lines>
            </method>
            <method name="(anonymous_6)" hits="42" signature="()V">
              <lines>
                <line number="61" hits="42"/>
              </lines>
            </method>
            <method name="(anonymous_7)" hits="2" signature="()V">
              <lines>
                <line number="84" hits="2"/>
              </lines>
            </method>
          </methods>
          <lines>
            <line number="8" hits="1" branch="false"/>
            <line number="20" hits="1" branch="false"/>
            <line number="27" hits="80" branch="false"/>
            <line number="52" hits="9" branch="false"/>
            <line number="55" hits="9" branch="false"/>
            <line number="58" hits="9" branch="false"/>
            <line number="63" hits="42" branch="true" condition-coverage="100% (5/5)"/>
            <line number="64" hits="5" branch="false"/>
            <line number="66" hits="37" branch="true" condition-coverage="100% (5/5)"/>
            <line number="67" hits="5" branch="false"/>
            <line number="69" hits="32" branch="true" condition-coverage="100% (5/5)"/>
            <line number="70" hits="5" branch="false"/>
            <line number="72" hits="27" branch="true" condition-coverage="100% (4/4)"/>
            <line number="73" hits="7" branch="false"/>
            <line number="75" hits="20" branch="true" condition-coverage="100% (4/4)"/>
            <line number="76" hits="7" branch="false"/>
            <line number="78" hits="13" branch="true" condition-coverage="100% (4/4)"/>
            <line number="79" hits="7" branch="false"/>
            <line number="81" hits="42" branch="false"/>
            <line number="85" hits="2" branch="false"/>
            <line number="86" hits="2" branch="false"/>
            <line number="87" hits="2" branch="false"/>
            <line number="90" hits="1" branch="false"/>
          </lines>
        </class>
        <class name="selected-product-groups.js" filename="src\group-additions-app\selected-company-groups\selected-product-groups.js" line-rate="0.9286" branch-rate="0.8181999999999999">
          <methods>
            <method name="(anonymous_0)" hits="1" signature="()V">
              <lines>
                <line number="7" hits="1"/>
              </lines>
            </method>
            <method name="(anonymous_1)" hits="178" signature="()V">
              <lines>
                <line number="16" hits="178"/>
              </lines>
            </method>
            <method name="(anonymous_2)" hits="218" signature="()V">
              <lines>
                <line number="20" hits="218"/>
              </lines>
            </method>
            <method name="(anonymous_3)" hits="10" signature="()V">
              <lines>
                <line number="62" hits="10"/>
              </lines>
            </method>
            <method name="(anonymous_4)" hits="24" signature="()V">
              <lines>
                <line number="65" hits="24"/>
              </lines>
            </method>
            <method name="(anonymous_5)" hits="1" signature="()V">
              <lines>
                <line number="77" hits="1"/>
              </lines>
            </method>
            <method name="(anonymous_6)" hits="0" signature="()V">
              <lines>
                <line number="84" hits="0"/>
              </lines>
            </method>
          </methods>
          <lines>
            <line number="8" hits="1" branch="false"/>
            <line number="17" hits="178" branch="false"/>
            <line number="22" hits="218" branch="false"/>
            <line number="63" hits="10" branch="false"/>
            <line number="66" hits="24" branch="true" condition-coverage="80% (4/5)"/>
            <line number="67" hits="24" branch="true" condition-coverage="100% (2/2)"/>
            <line number="68" hits="16" branch="false"/>
            <line number="71" hits="8" branch="false"/>
            <line number="74" hits="24" branch="false"/>
            <line number="78" hits="1" branch="true" condition-coverage="75% (3/4)"/>
            <line number="79" hits="1" branch="false"/>
            <line number="80" hits="1" branch="false"/>
            <line number="85" hits="0" branch="false"/>
            <line number="88" hits="1" branch="false"/>
          </lines>
        </class>
      </classes>
    </package>
    <package name="group-additions-app.selected-company-groups.group-information-dialog" line-rate="0.9848" branch-rate="0.8">
      <classes>
        <class name="agent-info.js" filename="src\group-additions-app\selected-company-groups\group-information-dialog\agent-info.js" line-rate="1" branch-rate="1">
          <methods>
            <method name="(anonymous_0)" hits="1" signature="()V">
              <lines>
                <line number="4" hits="1"/>
              </lines>
            </method>
            <method name="(anonymous_1)" hits="2" signature="()V">
              <lines>
                <line number="11" hits="2"/>
              </lines>
            </method>
          </methods>
          <lines>
            <line number="5" hits="1" branch="false"/>
            <line number="12" hits="2" branch="false"/>
            <line number="77" hits="1" branch="false"/>
          </lines>
        </class>
        <class name="group-info.js" filename="src\group-additions-app\selected-company-groups\group-information-dialog\group-info.js" line-rate="1" branch-rate="0.7143">
          <methods>
            <method name="(anonymous_0)" hits="1" signature="()V">
              <lines>
                <line number="5" hits="1"/>
              </lines>
            </method>
            <method name="(anonymous_1)" hits="2" signature="()V">
              <lines>
                <line number="10" hits="2"/>
              </lines>
            </method>
            <method name="(anonymous_2)" hits="2" signature="()V">
              <lines>
                <line number="99" hits="2"/>
              </lines>
            </method>
          </methods>
          <lines>
            <line number="6" hits="1" branch="false"/>
            <line number="11" hits="2" branch="false"/>
            <line number="100" hits="2" branch="true" condition-coverage="80% (4/5)"/>
            <line number="101" hits="2" branch="false"/>
            <line number="103" hits="2" branch="false"/>
            <line number="107" hits="1" branch="false"/>
          </lines>
        </class>
        <class name="group-information-dialog.js" filename="src\group-additions-app\selected-company-groups\group-information-dialog\group-information-dialog.js" line-rate="0.975" branch-rate="0.8125">
          <methods>
            <method name="(anonymous_0)" hits="1" signature="()V">
              <lines>
                <line number="13" hits="1"/>
              </lines>
            </method>
            <method name="(anonymous_1)" hits="202" signature="()V">
              <lines>
                <line number="19" hits="202"/>
              </lines>
            </method>
            <method name="(anonymous_2)" hits="5" signature="()V">
              <lines>
                <line number="35" hits="5"/>
              </lines>
            </method>
            <method name="(anonymous_3)" hits="2" signature="()V">
              <lines>
                <line number="39" hits="2"/>
              </lines>
            </method>
            <method name="(anonymous_4)" hits="2" signature="()V">
              <lines>
                <line number="41" hits="2"/>
              </lines>
            </method>
            <method name="(anonymous_5)" hits="0" signature="()V">
              <lines>
                <line number="81" hits="0"/>
              </lines>
            </method>
            <method name="(anonymous_6)" hits="1" signature="()V">
              <lines>
                <line number="93" hits="1"/>
              </lines>
            </method>
          </methods>
          <lines>
            <line number="14" hits="1" branch="false"/>
            <line number="20" hits="202" branch="false"/>
            <line number="36" hits="5" branch="false"/>
            <line number="40" hits="2" branch="false"/>
            <line number="41" hits="2" branch="false"/>
            <line number="42" hits="2" branch="false"/>
            <line number="43" hits="2" branch="false"/>
            <line number="44" hits="2" branch="false"/>
            <line number="45" hits="2" branch="false"/>
            <line number="46" hits="2" branch="false"/>
            <line number="48" hits="2" branch="false"/>
            <line number="49" hits="2" branch="false"/>
            <line number="51" hits="2" branch="false"/>
            <line number="52" hits="2" branch="false"/>
            <line number="53" hits="2" branch="false"/>
            <line number="54" hits="2" branch="false"/>
            <line number="56" hits="2" branch="false"/>
            <line number="58" hits="2" branch="true" condition-coverage="80% (4/5)"/>
            <line number="59" hits="2" branch="false"/>
            <line number="60" hits="2" branch="false"/>
            <line number="62" hits="2" branch="false"/>
            <line number="64" hits="2" branch="false"/>
            <line number="65" hits="2" branch="false"/>
            <line number="66" hits="2" branch="false"/>
            <line number="68" hits="2" branch="false"/>
            <line number="69" hits="2" branch="false"/>
            <line number="71" hits="2" branch="false"/>
            <line number="72" hits="2" branch="false"/>
            <line number="73" hits="2" branch="true" condition-coverage="83.33333333333334% (5/6)"/>
            <line number="76" hits="2" branch="false"/>
            <line number="77" hits="2" branch="false"/>
            <line number="80" hits="2" branch="false"/>
            <line number="81" hits="2" branch="false"/>
            <line number="82" hits="0" branch="false"/>
            <line number="85" hits="2" branch="false"/>
            <line number="89" hits="2" branch="false"/>
            <line number="94" hits="1" branch="true" condition-coverage="80% (4/5)"/>
            <line number="95" hits="1" branch="false"/>
            <line number="97" hits="1" branch="false"/>
            <line number="103" hits="1" branch="false"/>
          </lines>
        </class>
        <class name="marketing-rep-Info.js" filename="src\group-additions-app\selected-company-groups\group-information-dialog\marketing-rep-Info.js" line-rate="1" branch-rate="0.8">
          <methods>
            <method name="(anonymous_0)" hits="1" signature="()V">
              <lines>
                <line number="4" hits="1"/>
              </lines>
            </method>
            <method name="(anonymous_1)" hits="2" signature="()V">
              <lines>
                <line number="10" hits="2"/>
              </lines>
            </method>
            <method name="(anonymous_2)" hits="2" signature="()V">
              <lines>
                <line number="73" hits="2"/>
              </lines>
            </method>
          </methods>
          <lines>
            <line number="5" hits="1" branch="false"/>
            <line number="11" hits="2" branch="false"/>
            <line number="74" hits="2" branch="true" condition-coverage="80% (4/5)"/>
            <line number="75" hits="2" branch="false"/>
            <line number="77" hits="2" branch="false"/>
            <line number="81" hits="1" branch="false"/>
          </lines>
        </class>
        <class name="special-consideration-info.js" filename="src\group-additions-app\selected-company-groups\group-information-dialog\special-consideration-info.js" line-rate="1" branch-rate="0.8571">
          <methods>
            <method name="(anonymous_0)" hits="1" signature="()V">
              <lines>
                <line number="8" hits="1"/>
              </lines>
            </method>
            <method name="(anonymous_1)" hits="4" signature="()V">
              <lines>
                <line number="16" hits="4"/>
              </lines>
            </method>
            <method name="(anonymous_2)" hits="3" signature="()V">
              <lines>
                <line number="73" hits="3"/>
              </lines>
            </method>
          </methods>
          <lines>
            <line number="9" hits="1" branch="false"/>
            <line number="17" hits="4" branch="false"/>
            <line number="74" hits="3" branch="true" condition-coverage="80% (4/5)"/>
            <line number="75" hits="3" branch="false"/>
            <line number="76" hits="3" branch="true" condition-coverage="100% (2/2)"/>
            <line number="77" hits="1" branch="false"/>
            <line number="78" hits="1" branch="false"/>
            <line number="81" hits="2" branch="false"/>
            <line number="82" hits="2" branch="false"/>
            <line number="85" hits="3" branch="false"/>
            <line number="89" hits="1" branch="false"/>
          </lines>
        </class>
      </classes>
    </package>
    <package name="mw-header" line-rate="1" branch-rate="1">
      <classes>
        <class name="mw-header.js" filename="src\mw-header\mw-header.js" line-rate="1" branch-rate="1">
          <methods>
            <method name="(anonymous_0)" hits="10" signature="()V">
              <lines>
                <line number="4" hits="10"/>
              </lines>
            </method>
            <method name="(anonymous_1)" hits="10" signature="()V">
              <lines>
                <line number="50" hits="10"/>
              </lines>
            </method>
            <method name="(anonymous_2)" hits="1" signature="()V">
              <lines>
                <line number="54" hits="1"/>
              </lines>
            </method>
          </methods>
          <lines>
            <line number="5" hits="10" branch="false"/>
            <line number="51" hits="10" branch="false"/>
            <line number="55" hits="1" branch="false"/>
            <line number="64" hits="1" branch="false"/>
          </lines>
        </class>
      </classes>
    </package>
  </packages>
</coverage>
