TN:
SF:D:\Development\Group Epic Dev\Group\Sites\Group Web\src\MarketWrite.Group.Web\group-additions\src\group-additions-app\application-form-selection.js
FN:8,(anonymous_0)
FN:17,(anonymous_1)
FN:25,(anonymous_2)
FN:45,(anonymous_3)
FN:49,(anonymous_4)
FN:66,(anonymous_5)
FN:73,(anonymous_6)
FNF:7
FNH:5
FNDA:1,(anonymous_0)
FNDA:11,(anonymous_1)
FNDA:17,(anonymous_2)
FNDA:0,(anonymous_3)
FNDA:12,(anonymous_4)
FNDA:4,(anonymous_5)
FNDA:0,(anonymous_6)
DA:5,1
DA:9,1
DA:18,11
DA:19,11
DA:23,11
DA:26,17
DA:46,0
DA:50,12
DA:51,1
DA:52,1
DA:53,1
DA:54,1
DA:55,1
DA:62,1
DA:67,4
DA:68,4
DA:69,0
DA:74,0
DA:75,0
DA:76,0
DA:79,1
LF:21
LH:16
BRDA:50,0,0,1
BRDA:50,0,1,11
BRDA:50,1,0,12
BRDA:50,1,1,1
BRDA:68,2,0,0
BRDA:68,2,1,4
BRF:6
BRH:5
end_of_record
TN:
SF:D:\Development\Group Epic Dev\Group\Sites\Group Web\src\MarketWrite.Group.Web\group-additions\src\group-additions-app\application-type-selection.js
FN:8,(anonymous_0)
FN:15,(anonymous_1)
FN:20,(anonymous_2)
FN:40,(anonymous_3)
FN:43,(anonymous_4)
FN:56,(anonymous_5)
FNF:6
FNH:6
FNDA:1,(anonymous_0)
FNDA:13,(anonymous_1)
FNDA:20,(anonymous_2)
FNDA:6,(anonymous_3)
FNDA:19,(anonymous_4)
FNDA:3,(anonymous_5)
DA:5,1
DA:9,1
DA:16,13
DA:17,13
DA:18,13
DA:21,20
DA:41,6
DA:44,19
DA:45,9
DA:46,9
DA:53,9
DA:57,3
DA:58,1
DA:60,2
DA:61,1
DA:64,1
DA:66,3
DA:69,1
LF:18
LH:18
BRDA:44,0,0,9
BRDA:44,0,1,10
BRDA:44,1,0,19
BRDA:44,1,1,19
BRDA:57,2,0,1
BRDA:57,2,1,2
BRDA:60,3,0,1
BRDA:60,3,1,1
BRF:8
BRH:8
end_of_record
TN:
SF:D:\Development\Group Epic Dev\Group\Sites\Group Web\src\MarketWrite.Group.Web\group-additions\src\group-additions-app\company-search.js
FN:5,(anonymous_0)
FN:10,(anonymous_1)
FN:12,(anonymous_2)
FN:13,(anonymous_3)
FN:16,(anonymous_4)
FN:18,(anonymous_5)
FN:36,(anonymous_6)
FN:45,(anonymous_7)
FN:48,(anonymous_8)
FN:51,(anonymous_9)
FN:54,(anonymous_10)
FN:63,(anonymous_11)
FN:66,(anonymous_12)
FN:94,(anonymous_13)
FNF:14
FNH:6
FNDA:1,(anonymous_0)
FNDA:25,(anonymous_1)
FNDA:25,(anonymous_2)
FNDA:0,(anonymous_3)
FNDA:0,(anonymous_4)
FNDA:0,(anonymous_5)
FNDA:0,(anonymous_6)
FNDA:0,(anonymous_7)
FNDA:0,(anonymous_8)
FNDA:0,(anonymous_9)
FNDA:0,(anonymous_10)
FNDA:50,(anonymous_11)
FNDA:28,(anonymous_12)
FNDA:25,(anonymous_13)
DA:6,1
DA:11,25
DA:12,25
DA:13,25
DA:15,0
DA:16,0
DA:17,0
DA:18,0
DA:19,0
DA:23,0
DA:24,0
DA:28,0
DA:29,0
DA:32,0
DA:36,25
DA:37,0
DA:38,0
DA:39,0
DA:42,0
DA:43,0
DA:46,0
DA:49,0
DA:52,0
DA:55,0
DA:64,50
DA:67,28
DA:95,25
DA:96,0
DA:97,0
DA:104,0
DA:107,25
DA:114,25
DA:119,1
LF:33
LH:11
BRDA:23,0,0,0
BRDA:23,0,1,0
BRDA:38,1,0,0
BRDA:38,1,1,0
BRDA:95,2,0,0
BRDA:95,2,1,25
BRDA:95,3,0,25
BRDA:95,3,1,0
BRF:8
BRH:2
end_of_record
TN:
SF:D:\Development\Group Epic Dev\Group\Sites\Group Web\src\MarketWrite.Group.Web\group-additions\src\group-additions-app\contract-ssn-groups.js
FN:16,(anonymous_0)
FN:32,(anonymous_1)
FN:38,(anonymous_2)
FN:46,(anonymous_3)
FN:54,(anonymous_4)
FN:59,(anonymous_5)
FN:64,(anonymous_6)
FN:87,(anonymous_7)
FN:93,(anonymous_8)
FN:99,(anonymous_9)
FN:106,(anonymous_10)
FN:109,(anonymous_11)
FN:112,(anonymous_12)
FN:115,(anonymous_13)
FN:118,(anonymous_14)
FN:141,(anonymous_15)
FN:145,(anonymous_16)
FN:156,(anonymous_17)
FN:167,(anonymous_18)
FN:178,(anonymous_19)
FN:211,(anonymous_20)
FN:223,(anonymous_21)
FN:235,(anonymous_22)
FN:241,(anonymous_23)
FN:253,(anonymous_24)
FNF:25
FNH:23
FNDA:1,(anonymous_0)
FNDA:1,(anonymous_1)
FNDA:25,(anonymous_2)
FNDA:55,(anonymous_3)
FNDA:25,(anonymous_4)
FNDA:25,(anonymous_5)
FNDA:25,(anonymous_6)
FNDA:3,(anonymous_7)
FNDA:3,(anonymous_8)
FNDA:3,(anonymous_9)
FNDA:46,(anonymous_10)
FNDA:6,(anonymous_11)
FNDA:6,(anonymous_12)
FNDA:6,(anonymous_13)
FNDA:4,(anonymous_14)
FNDA:0,(anonymous_15)
FNDA:3,(anonymous_16)
FNDA:3,(anonymous_17)
FNDA:3,(anonymous_18)
FNDA:5,(anonymous_19)
FNDA:1,(anonymous_20)
FNDA:1,(anonymous_21)
FNDA:3,(anonymous_22)
FNDA:0,(anonymous_23)
FNDA:2,(anonymous_24)
DA:10,1
DA:11,1
DA:12,1
DA:17,1
DA:33,1
DA:39,25
DA:40,25
DA:41,25
DA:42,25
DA:43,25
DA:47,55
DA:54,25
DA:59,25
DA:64,25
DA:87,3
DA:93,3
DA:99,3
DA:107,46
DA:110,6
DA:113,6
DA:116,6
DA:119,4
DA:122,1
DA:125,3
DA:126,3
DA:127,3
DA:128,3
DA:129,3
DA:130,3
DA:131,3
DA:132,3
DA:133,3
DA:138,3
DA:142,0
DA:146,3
DA:147,3
DA:154,3
DA:157,3
DA:158,3
DA:165,3
DA:168,3
DA:169,3
DA:176,3
DA:179,5
DA:180,3
DA:184,3
DA:187,2
DA:189,5
DA:190,3
DA:194,3
DA:197,2
DA:199,5
DA:200,3
DA:204,3
DA:207,2
DA:212,1
DA:213,1
DA:215,1
DA:220,1
DA:221,1
DA:224,1
DA:225,1
DA:226,1
DA:227,1
DA:228,1
DA:229,1
DA:230,1
DA:231,1
DA:232,1
DA:236,3
DA:237,3
DA:238,3
DA:242,0
DA:243,0
DA:245,0
DA:246,0
DA:248,0
DA:249,0
DA:251,0
DA:254,2
DA:255,2
DA:256,2
DA:257,2
DA:258,2
DA:259,2
DA:260,2
DA:261,2
DA:262,2
DA:266,1
LF:89
LH:81
BRDA:119,0,0,1
BRDA:119,0,1,3
BRDA:119,1,0,4
BRDA:119,1,1,4
BRDA:119,1,2,4
BRDA:119,1,3,2
BRDA:119,1,4,2
BRDA:119,1,5,2
BRDA:119,1,6,2
BRDA:119,1,7,2
BRDA:119,1,8,2
BRDA:179,2,0,3
BRDA:179,2,1,2
BRDA:179,3,0,5
BRDA:179,3,1,3
BRDA:179,3,2,3
BRDA:189,4,0,3
BRDA:189,4,1,2
BRDA:189,5,0,5
BRDA:189,5,1,3
BRDA:189,5,2,3
BRDA:199,6,0,3
BRDA:199,6,1,2
BRDA:199,7,0,5
BRDA:199,7,1,3
BRDA:199,7,2,3
BRDA:242,8,0,0
BRDA:242,8,1,0
BRDA:242,9,0,0
BRDA:242,9,1,0
BRDA:245,10,0,0
BRDA:245,10,1,0
BRDA:245,11,0,0
BRDA:245,11,1,0
BRDA:248,12,0,0
BRDA:248,12,1,0
BRDA:248,13,0,0
BRDA:248,13,1,0
BRF:38
BRH:26
end_of_record
TN:
SF:D:\Development\Group Epic Dev\Group\Sites\Group Web\src\MarketWrite.Group.Web\group-additions\src\group-additions-app\group-addition-styles.js
FNF:0
FNH:0
DA:3,1
DA:10,1
DA:18,1
LF:3
LH:3
BRF:0
BRH:0
end_of_record
TN:
SF:D:\Development\Group Epic Dev\Group\Sites\Group Web\src\MarketWrite.Group.Web\group-additions\src\group-additions-app\group-additions-app.js
FN:14,(anonymous_0)
FN:26,(anonymous_1)
FN:33,(anonymous_2)
FN:47,(anonymous_3)
FN:82,(anonymous_4)
FN:91,(anonymous_5)
FN:97,(anonymous_6)
FN:101,(anonymous_7)
FN:108,(anonymous_8)
FN:128,(anonymous_9)
FN:146,(anonymous_10)
FNF:11
FNH:9
FNDA:1,(anonymous_0)
FNDA:10,(anonymous_1)
FNDA:10,(anonymous_2)
FNDA:16,(anonymous_3)
FNDA:4,(anonymous_4)
FNDA:0,(anonymous_5)
FNDA:7,(anonymous_6)
FNDA:1,(anonymous_7)
FNDA:3,(anonymous_8)
FNDA:6,(anonymous_9)
FNDA:0,(anonymous_10)
DA:9,1
DA:10,1
DA:11,1
DA:15,1
DA:27,10
DA:28,10
DA:29,10
DA:30,10
DA:31,10
DA:32,10
DA:33,10
DA:34,10
DA:35,0
DA:36,0
DA:37,0
DA:42,0
DA:43,0
DA:48,16
DA:82,4
DA:91,0
DA:98,7
DA:102,1
DA:103,1
DA:104,1
DA:105,1
DA:109,3
DA:110,3
DA:111,2
DA:112,2
DA:114,0
DA:117,2
DA:119,2
DA:120,2
DA:123,1
DA:124,1
DA:126,3
DA:129,6
DA:130,6
DA:131,0
DA:132,0
DA:133,0
DA:136,6
DA:137,2
DA:138,2
DA:139,2
DA:142,4
DA:147,0
DA:148,0
DA:149,0
DA:153,1
LF:50
LH:37
BRDA:34,0,0,0
BRDA:34,0,1,10
BRDA:110,1,0,2
BRDA:110,1,1,1
BRDA:112,2,0,0
BRDA:112,2,1,2
BRDA:130,3,0,0
BRDA:130,3,1,6
BRDA:136,4,0,2
BRDA:136,4,1,4
BRF:10
BRH:7
end_of_record
TN:
SF:D:\Development\Group Epic Dev\Group\Sites\Group Web\src\MarketWrite.Group.Web\group-additions\src\group-additions-app\oldapplication-redirect-dialog.js
FN:6,(anonymous_0)
FN:11,(anonymous_1)
FN:22,(anonymous_2)
FN:27,(anonymous_3)
FNF:4
FNH:3
FNDA:1,(anonymous_0)
FNDA:11,(anonymous_1)
FNDA:0,(anonymous_2)
FNDA:1,(anonymous_3)
DA:7,1
DA:12,11
DA:23,0
DA:28,1
DA:35,1
DA:38,1
LF:6
LH:5
BRF:0
BRH:0
end_of_record
TN:
SF:D:\Development\Group Epic Dev\Group\Sites\Group Web\src\MarketWrite.Group.Web\group-additions\src\group-additions-app\application-types\add-family-member.js
FN:10,(anonymous_0)
FN:22,(anonymous_1)
FN:28,(anonymous_2)
FN:39,(anonymous_3)
FN:40,(anonymous_4)
FN:41,(anonymous_5)
FN:55,(anonymous_6)
FN:58,(anonymous_7)
FN:61,(anonymous_8)
FN:65,(anonymous_9)
FN:66,(anonymous_10)
FN:67,(anonymous_11)
FN:80,(anonymous_12)
FN:84,(anonymous_13)
FN:88,(anonymous_14)
FN:95,(anonymous_15)
FN:96,(anonymous_16)
FN:97,(anonymous_17)
FN:117,(anonymous_18)
FNF:19
FNH:16
FNDA:1,(anonymous_0)
FNDA:19,(anonymous_1)
FNDA:22,(anonymous_2)
FNDA:0,(anonymous_3)
FNDA:0,(anonymous_4)
FNDA:0,(anonymous_5)
FNDA:8,(anonymous_6)
FNDA:1,(anonymous_7)
FNDA:1,(anonymous_8)
FNDA:3,(anonymous_9)
FNDA:3,(anonymous_10)
FNDA:3,(anonymous_11)
FNDA:21,(anonymous_12)
FNDA:2,(anonymous_13)
FNDA:1,(anonymous_14)
FNDA:3,(anonymous_15)
FNDA:3,(anonymous_16)
FNDA:3,(anonymous_17)
FNDA:1,(anonymous_18)
DA:5,1
DA:6,1
DA:7,1
DA:11,1
DA:23,19
DA:24,19
DA:25,19
DA:26,19
DA:29,22
DA:39,0
DA:40,0
DA:41,0
DA:56,8
DA:59,1
DA:62,1
DA:63,1
DA:64,1
DA:65,3
DA:66,3
DA:67,3
DA:68,1
DA:69,1
DA:71,1
DA:72,1
DA:74,1
DA:75,1
DA:77,1
DA:78,1
DA:81,21
DA:82,21
DA:85,2
DA:86,2
DA:89,1
DA:90,1
DA:91,1
DA:92,1
DA:93,1
DA:94,1
DA:95,3
DA:96,3
DA:97,3
DA:98,1
DA:99,1
DA:100,1
DA:103,1
DA:104,1
DA:105,1
DA:108,1
DA:109,1
DA:110,1
DA:113,1
DA:114,1
DA:118,1
DA:119,1
DA:120,1
DA:121,1
DA:122,1
DA:125,1
LF:58
LH:55
BRDA:68,0,0,1
BRDA:68,0,1,0
BRDA:71,1,0,1
BRDA:71,1,1,0
BRDA:74,2,0,1
BRDA:74,2,1,0
BRDA:95,3,0,3
BRDA:95,3,1,1
BRDA:96,4,0,3
BRDA:96,4,1,1
BRDA:97,5,0,3
BRDA:97,5,1,1
BRDA:99,6,0,1
BRDA:99,6,1,0
BRDA:104,7,0,1
BRDA:104,7,1,0
BRDA:109,8,0,1
BRDA:109,8,1,0
BRF:18
BRH:12
end_of_record
TN:
SF:D:\Development\Group Epic Dev\Group\Sites\Group Web\src\MarketWrite.Group.Web\group-additions\src\group-additions-app\application-types\application-types.js
FN:9,(anonymous_0)
FN:17,(anonymous_1)
FN:22,(anonymous_2)
FN:34,(anonymous_3)
FN:38,(anonymous_4)
FN:58,(anonymous_5)
FN:63,(anonymous_6)
FNF:7
FNH:7
FNDA:1,(anonymous_0)
FNDA:15,(anonymous_1)
FNDA:21,(anonymous_2)
FNDA:9,(anonymous_3)
FNDA:5,(anonymous_4)
FNDA:3,(anonymous_5)
FNDA:2,(anonymous_6)
DA:5,1
DA:6,1
DA:10,1
DA:18,15
DA:19,15
DA:20,15
DA:23,21
DA:35,9
DA:39,5
DA:40,5
DA:41,3
DA:42,3
DA:43,3
DA:45,2
DA:46,1
DA:47,1
DA:48,1
DA:51,1
DA:52,1
DA:55,5
DA:59,3
DA:60,3
DA:64,2
DA:65,1
DA:66,1
DA:67,1
DA:69,1
DA:70,1
DA:71,1
DA:72,1
DA:76,1
LF:31
LH:31
BRDA:39,0,0,5
BRDA:39,0,1,0
BRDA:40,1,0,3
BRDA:40,1,1,2
BRDA:45,2,0,1
BRDA:45,2,1,1
BRDA:64,3,0,1
BRDA:64,3,1,1
BRDA:69,4,0,1
BRDA:69,4,1,0
BRF:10
BRH:8
end_of_record
TN:
SF:D:\Development\Group Epic Dev\Group\Sites\Group Web\src\MarketWrite.Group.Web\group-additions\src\group-additions-app\application-types\new-enrollee.js
FN:14,(anonymous_0)
FN:27,(anonymous_1)
FN:34,(anonymous_2)
FN:55,(anonymous_3)
FN:61,(anonymous_4)
FN:67,(anonymous_5)
FN:75,(anonymous_6)
FN:78,(anonymous_7)
FN:81,(anonymous_8)
FN:84,(anonymous_9)
FN:87,(anonymous_10)
FN:91,(anonymous_11)
FN:129,(anonymous_12)
FN:133,(anonymous_13)
FN:136,(anonymous_14)
FN:142,(anonymous_15)
FN:147,(anonymous_16)
FN:153,(anonymous_17)
FN:164,(anonymous_18)
FN:177,(anonymous_19)
FNF:20
FNH:15
FNDA:1,(anonymous_0)
FNDA:25,(anonymous_1)
FNDA:34,(anonymous_2)
FNDA:0,(anonymous_3)
FNDA:0,(anonymous_4)
FNDA:0,(anonymous_5)
FNDA:55,(anonymous_6)
FNDA:1,(anonymous_7)
FNDA:1,(anonymous_8)
FNDA:1,(anonymous_9)
FNDA:0,(anonymous_10)
FNDA:1,(anonymous_11)
FNDA:1,(anonymous_12)
FNDA:0,(anonymous_13)
FNDA:1,(anonymous_14)
FNDA:1,(anonymous_15)
FNDA:1,(anonymous_16)
FNDA:3,(anonymous_17)
FNDA:27,(anonymous_18)
FNDA:1,(anonymous_19)
DA:8,1
DA:9,1
DA:10,1
DA:11,1
DA:15,1
DA:28,25
DA:29,25
DA:30,25
DA:31,25
DA:32,25
DA:35,34
DA:55,0
DA:61,0
DA:67,0
DA:76,55
DA:79,1
DA:82,1
DA:85,1
DA:88,0
DA:92,1
DA:93,1
DA:94,1
DA:97,1
DA:98,0
DA:102,0
DA:105,1
DA:107,1
DA:108,0
DA:112,0
DA:115,1
DA:117,1
DA:118,0
DA:122,0
DA:125,1
DA:130,1
DA:134,0
DA:137,1
DA:138,1
DA:139,1
DA:143,1
DA:144,1
DA:145,1
DA:148,1
DA:149,1
DA:150,1
DA:154,3
DA:155,3
DA:156,3
DA:157,3
DA:158,3
DA:159,3
DA:160,3
DA:162,3
DA:165,27
DA:166,27
DA:167,1
DA:168,1
DA:169,1
DA:172,26
DA:173,26
DA:178,1
DA:179,1
DA:180,1
DA:181,1
DA:182,1
DA:185,1
LF:66
LH:55
BRDA:97,0,0,0
BRDA:97,0,1,1
BRDA:97,1,0,1
BRDA:97,1,1,1
BRDA:97,1,2,0
BRDA:107,2,0,0
BRDA:107,2,1,1
BRDA:107,3,0,1
BRDA:107,3,1,1
BRDA:107,3,2,0
BRDA:117,4,0,0
BRDA:117,4,1,1
BRDA:117,5,0,1
BRDA:117,5,1,1
BRDA:117,5,2,0
BRDA:154,6,0,3
BRDA:154,6,1,0
BRDA:154,7,0,3
BRDA:154,7,1,3
BRDA:166,8,0,1
BRDA:166,8,1,26
BRF:21
BRH:14
end_of_record
TN:
SF:D:\Development\Group Epic Dev\Group\Sites\Group Web\src\MarketWrite.Group.Web\group-additions\src\group-additions-app\company-groups\company-groups.js
FN:12,(anonymous_0)
FN:34,(anonymous_1)
FN:44,(anonymous_2)
FN:53,(anonymous_3)
FN:67,(anonymous_4)
FN:72,(anonymous_5)
FN:77,(anonymous_6)
FN:120,(anonymous_7)
FN:123,(anonymous_8)
FN:146,(anonymous_9)
FN:158,(anonymous_10)
FN:185,(anonymous_11)
FN:208,(anonymous_12)
FN:214,(anonymous_13)
FNF:14
FNH:13
FNDA:1,(anonymous_0)
FNDA:1,(anonymous_1)
FNDA:30,(anonymous_2)
FNDA:69,(anonymous_3)
FNDA:30,(anonymous_4)
FNDA:30,(anonymous_5)
FNDA:30,(anonymous_6)
FNDA:14,(anonymous_7)
FNDA:3,(anonymous_8)
FNDA:0,(anonymous_9)
FNDA:7,(anonymous_10)
FNDA:4,(anonymous_11)
FNDA:3,(anonymous_12)
FNDA:1,(anonymous_13)
DA:13,1
DA:35,1
DA:45,30
DA:46,30
DA:47,30
DA:48,30
DA:49,30
DA:50,30
DA:51,30
DA:55,69
DA:67,30
DA:72,30
DA:77,30
DA:121,14
DA:124,3
DA:127,2
DA:130,1
DA:135,1
DA:136,1
DA:137,1
DA:138,1
DA:139,1
DA:140,1
DA:141,1
DA:142,1
DA:147,0
DA:148,0
DA:150,0
DA:155,0
DA:156,0
DA:159,7
DA:160,1
DA:161,1
DA:162,1
DA:163,1
DA:164,1
DA:165,1
DA:169,1
DA:170,1
DA:171,1
DA:174,6
DA:175,2
DA:177,4
DA:178,2
DA:180,2
DA:181,2
DA:183,7
DA:186,4
DA:187,4
DA:188,1
DA:189,1
DA:192,2
DA:193,2
DA:194,2
DA:195,2
DA:196,1
DA:197,1
DA:200,1
DA:201,1
DA:202,1
DA:203,1
DA:205,2
DA:209,3
DA:210,3
DA:211,3
DA:212,3
DA:215,1
DA:216,1
DA:217,1
DA:218,1
DA:219,1
DA:222,1
LF:72
LH:67
BRDA:124,0,0,2
BRDA:124,0,1,1
BRDA:124,1,0,3
BRDA:124,1,1,3
BRDA:124,1,2,3
BRDA:124,1,3,2
BRDA:124,1,4,2
BRDA:124,1,5,2
BRDA:124,1,6,2
BRDA:124,1,7,2
BRDA:124,1,8,2
BRDA:159,2,0,1
BRDA:159,2,1,6
BRDA:159,3,0,7
BRDA:159,3,1,1
BRDA:159,3,2,1
BRDA:174,4,0,2
BRDA:174,4,1,4
BRDA:174,5,0,6
BRDA:174,5,1,2
BRDA:177,6,0,2
BRDA:177,6,1,2
BRDA:177,7,0,4
BRDA:177,7,1,2
BRDA:180,8,0,2
BRDA:180,8,1,0
BRDA:180,9,0,2
BRDA:180,9,1,2
BRDA:187,10,0,1
BRDA:187,10,1,2
BRDA:187,11,0,4
BRDA:187,11,1,1
BRDA:195,12,0,1
BRDA:195,12,1,1
BRDA:195,13,0,2
BRDA:195,13,1,1
BRDA:195,13,2,1
BRF:37
BRH:36
end_of_record
TN:
SF:D:\Development\Group Epic Dev\Group\Sites\Group Web\src\MarketWrite.Group.Web\group-additions\src\group-additions-app\company-groups\product-groups.js
FN:6,(anonymous_0)
FN:13,(anonymous_1)
FN:31,(anonymous_2)
FN:37,(anonymous_3)
FN:44,(anonymous_4)
FNF:5
FNH:5
FNDA:1,(anonymous_0)
FNDA:337,(anonymous_1)
FNDA:165,(anonymous_2)
FNDA:84,(anonymous_3)
FNDA:165,(anonymous_4)
DA:7,1
DA:14,337
DA:31,165
DA:38,84
DA:39,84
DA:40,6
DA:42,84
DA:45,165
DA:46,165
DA:51,165
DA:54,1
LF:11
LH:11
BRDA:39,0,0,6
BRDA:39,0,1,78
BRDA:39,1,0,84
BRDA:39,1,1,6
BRDA:39,1,2,6
BRF:5
BRH:5
end_of_record
TN:
SF:D:\Development\Group Epic Dev\Group\Sites\Group Web\src\MarketWrite.Group.Web\group-additions\src\group-additions-app\contract-ssn-search\contract-search.js
FN:6,(anonymous_0)
FN:11,(anonymous_1)
FN:15,(anonymous_2)
FN:36,(anonymous_3)
FN:39,(anonymous_4)
FN:42,(anonymous_5)
FN:45,(anonymous_6)
FN:48,(anonymous_7)
FN:54,(anonymous_8)
FN:88,(anonymous_9)
FN:92,(anonymous_10)
FNF:11
FNH:11
FNDA:1,(anonymous_0)
FNDA:25,(anonymous_1)
FNDA:27,(anonymous_2)
FNDA:4,(anonymous_3)
FNDA:34,(anonymous_4)
FNDA:6,(anonymous_5)
FNDA:2,(anonymous_6)
FNDA:21,(anonymous_7)
FNDA:5,(anonymous_8)
FNDA:1,(anonymous_9)
FNDA:2,(anonymous_10)
DA:7,1
DA:12,25
DA:13,25
DA:16,27
DA:37,4
DA:40,34
DA:43,6
DA:46,2
DA:49,21
DA:50,2
DA:51,2
DA:55,5
DA:56,3
DA:57,1
DA:58,1
DA:60,2
DA:61,1
DA:62,1
DA:68,1
DA:71,1
DA:78,1
DA:79,1
DA:83,2
DA:84,2
DA:89,1
DA:90,1
DA:93,2
DA:94,1
DA:95,1
DA:97,1
DA:98,1
DA:105,1
DA:107,1
DA:108,1
DA:114,1
DA:117,1
LF:36
LH:36
BRDA:49,0,0,2
BRDA:49,0,1,19
BRDA:55,1,0,3
BRDA:55,1,1,2
BRDA:55,2,0,5
BRDA:55,2,1,5
BRDA:56,3,0,1
BRDA:56,3,1,2
BRDA:60,4,0,1
BRDA:60,4,1,1
BRDA:93,5,0,1
BRDA:93,5,1,1
BRF:12
BRH:12
end_of_record
TN:
SF:D:\Development\Group Epic Dev\Group\Sites\Group Web\src\MarketWrite.Group.Web\group-additions\src\group-additions-app\contract-ssn-search\contract-ssn-search.js
FN:16,(anonymous_0)
FN:23,(anonymous_1)
FN:28,(anonymous_2)
FN:34,(anonymous_3)
FN:53,(anonymous_4)
FN:56,(anonymous_5)
FN:59,(anonymous_6)
FN:62,(anonymous_7)
FN:66,(anonymous_8)
FN:82,(anonymous_9)
FNF:10
FNH:8
FNDA:1,(anonymous_0)
FNDA:1,(anonymous_1)
FNDA:19,(anonymous_2)
FNDA:19,(anonymous_3)
FNDA:2,(anonymous_4)
FNDA:42,(anonymous_5)
FNDA:0,(anonymous_6)
FNDA:0,(anonymous_7)
FNDA:19,(anonymous_8)
FNDA:2,(anonymous_9)
DA:11,1
DA:12,1
DA:13,1
DA:17,1
DA:24,1
DA:29,19
DA:30,19
DA:31,19
DA:32,19
DA:35,19
DA:54,2
DA:57,42
DA:60,0
DA:63,0
DA:64,0
DA:67,19
DA:68,19
DA:69,19
DA:70,19
DA:71,19
DA:73,19
DA:80,19
DA:83,2
DA:84,2
DA:85,2
DA:86,2
DA:90,1
LF:27
LH:24
BRF:0
BRH:0
end_of_record
TN:
SF:D:\Development\Group Epic Dev\Group\Sites\Group Web\src\MarketWrite.Group.Web\group-additions\src\group-additions-app\contract-ssn-search\result-grid.js
FN:6,(anonymous_0)
FN:12,(anonymous_1)
FN:17,(anonymous_2)
FN:21,(anonymous_3)
FN:24,(anonymous_4)
FN:65,(anonymous_5)
FN:71,(anonymous_6)
FNF:7
FNH:4
FNDA:1,(anonymous_0)
FNDA:1,(anonymous_1)
FNDA:19,(anonymous_2)
FNDA:0,(anonymous_3)
FNDA:19,(anonymous_4)
FNDA:0,(anonymous_5)
FNDA:0,(anonymous_6)
DA:7,1
DA:13,1
DA:18,19
DA:19,19
DA:22,0
DA:25,19
DA:66,0
DA:67,0
DA:68,0
DA:69,0
DA:70,0
DA:71,0
DA:72,0
DA:73,0
DA:74,0
DA:78,0
DA:81,1
LF:17
LH:6
BRDA:66,0,0,0
BRDA:66,0,1,0
BRDA:72,1,0,0
BRDA:72,1,1,0
BRF:4
BRH:0
end_of_record
TN:
SF:D:\Development\Group Epic Dev\Group\Sites\Group Web\src\MarketWrite.Group.Web\group-additions\src\group-additions-app\contract-ssn-search\ssn-search.js
FN:9,(anonymous_0)
FN:14,(anonymous_1)
FN:18,(anonymous_2)
FN:35,(anonymous_3)
FN:38,(anonymous_4)
FN:41,(anonymous_5)
FN:44,(anonymous_6)
FN:50,(anonymous_7)
FN:66,(anonymous_8)
FN:70,(anonymous_9)
FNF:10
FNH:10
FNDA:1,(anonymous_0)
FNDA:22,(anonymous_1)
FNDA:24,(anonymous_2)
FNDA:2,(anonymous_3)
FNDA:27,(anonymous_4)
FNDA:7,(anonymous_5)
FNDA:21,(anonymous_6)
FNDA:2,(anonymous_7)
FNDA:1,(anonymous_8)
FNDA:1,(anonymous_9)
DA:10,1
DA:15,22
DA:16,22
DA:19,24
DA:36,2
DA:39,27
DA:42,7
DA:45,21
DA:46,2
DA:47,2
DA:51,2
DA:52,0
DA:59,0
DA:62,2
DA:64,2
DA:67,1
DA:68,1
DA:71,1
DA:72,0
DA:74,1
DA:76,1
DA:83,1
DA:85,1
DA:89,1
DA:92,1
LF:25
LH:22
BRDA:45,0,0,2
BRDA:45,0,1,19
BRDA:51,1,0,0
BRDA:51,1,1,2
BRDA:51,2,0,2
BRDA:51,2,1,2
BRDA:51,2,2,1
BRDA:71,3,0,0
BRDA:71,3,1,1
BRF:9
BRH:7
end_of_record
TN:
SF:D:\Development\Group Epic Dev\Group\Sites\Group Web\src\MarketWrite.Group.Web\group-additions\src\group-additions-app\custom-controls\dynamic-vaadin-notification.js
FN:5,(anonymous_0)
FN:12,(anonymous_1)
FN:18,(anonymous_2)
FN:21,(anonymous_3)
FN:23,(anonymous_4)
FNF:5
FNH:5
FNDA:1,(anonymous_0)
FNDA:213,(anonymous_1)
FNDA:46,(anonymous_2)
FNDA:212,(anonymous_3)
FNDA:23,(anonymous_4)
DA:6,1
DA:13,213
DA:19,46
DA:22,212
DA:23,23
DA:24,23
DA:26,23
DA:28,212
DA:31,1
LF:9
LH:9
BRDA:22,0,0,23
BRDA:22,0,1,189
BRF:2
BRH:2
end_of_record
TN:
SF:D:\Development\Group Epic Dev\Group\Sites\Group Web\src\MarketWrite.Group.Web\group-additions\src\group-additions-app\custom-controls\radio-group-dynamic.js
FN:8,(anonymous_0)
FN:13,(anonymous_1)
FN:36,(anonymous_2)
FN:44,(anonymous_3)
FNF:4
FNH:4
FNDA:1,(anonymous_0)
FNDA:178,(anonymous_1)
FNDA:165,(anonymous_2)
FNDA:6,(anonymous_3)
DA:9,1
DA:14,178
DA:15,178
DA:16,13
DA:17,22
DA:22,178
DA:37,165
DA:42,165
DA:45,6
DA:46,6
DA:47,6
DA:49,6
DA:53,1
LF:13
LH:13
BRDA:15,0,0,13
BRDA:15,0,1,165
BRDA:15,1,0,178
BRDA:15,1,1,13
BRDA:45,2,0,6
BRDA:45,2,1,0
BRF:6
BRH:5
end_of_record
TN:
SF:D:\Development\Group Epic Dev\Group\Sites\Group Web\src\MarketWrite.Group.Web\group-additions\src\group-additions-app\custom-controls\select-list-dynamic.js
FN:9,(anonymous_0)
FN:27,(anonymous_1)
FN:31,(anonymous_2)
FN:37,(anonymous_3)
FN:45,(anonymous_4)
FN:79,(anonymous_5)
FN:82,(anonymous_6)
FN:85,(anonymous_7)
FN:102,(anonymous_8)
FN:115,(anonymous_9)
FNF:10
FNH:10
FNDA:1,(anonymous_0)
FNDA:304,(anonymous_1)
FNDA:304,(anonymous_2)
FNDA:426,(anonymous_3)
FNDA:4,(anonymous_4)
FNDA:345,(anonymous_5)
FNDA:174,(anonymous_6)
FNDA:51,(anonymous_7)
FNDA:373,(anonymous_8)
FNDA:894,(anonymous_9)
DA:10,1
DA:28,304
DA:29,304
DA:30,304
DA:31,304
DA:32,304
DA:33,201
DA:38,426
DA:39,426
DA:40,426
DA:41,3
DA:42,3
DA:43,2
DA:45,3
DA:46,4
DA:49,3
DA:52,426
DA:80,345
DA:83,174
DA:86,51
DA:88,51
DA:89,1
DA:91,33
DA:92,1
DA:94,32
DA:95,6
DA:98,26
DA:100,34
DA:103,373
DA:104,69
DA:105,69
DA:112,69
DA:116,894
DA:117,36
DA:118,36
DA:119,36
DA:122,858
DA:123,50
DA:124,50
DA:126,894
DA:130,1
LF:41
LH:41
BRDA:32,0,0,201
BRDA:32,0,1,103
BRDA:40,1,0,3
BRDA:40,1,1,423
BRDA:40,2,0,426
BRDA:40,2,1,3
BRDA:42,3,0,2
BRDA:42,3,1,1
BRDA:88,4,0,1
BRDA:88,4,1,33
BRDA:88,5,0,51
BRDA:88,5,1,20
BRDA:88,5,2,19
BRDA:91,6,0,1
BRDA:91,6,1,32
BRDA:91,7,0,33
BRDA:91,7,1,2
BRDA:94,8,0,6
BRDA:94,8,1,26
BRDA:103,9,0,69
BRDA:103,9,1,304
BRDA:116,10,0,36
BRDA:116,10,1,858
BRDA:116,11,0,894
BRDA:116,11,1,36
BRDA:116,11,2,36
BRDA:117,12,0,36
BRDA:117,12,1,0
BRDA:117,13,0,36
BRDA:117,13,1,36
BRDA:122,14,0,50
BRDA:122,14,1,808
BRDA:122,15,0,858
BRDA:122,15,1,50
BRF:34
BRH:33
end_of_record
TN:
SF:D:\Development\Group Epic Dev\Group\Sites\Group Web\src\MarketWrite.Group.Web\group-additions\src\group-additions-app\custom-controls\ssn-vaadin-text-field.js
FN:4,(anonymous_0)
FN:10,(anonymous_1)
FN:24,(anonymous_2)
FN:27,(anonymous_3)
FN:30,(anonymous_4)
FN:46,(anonymous_5)
FN:69,(anonymous_6)
FN:89,(anonymous_7)
FN:94,(anonymous_8)
FN:113,(anonymous_9)
FNF:10
FNH:9
FNDA:1,(anonymous_0)
FNDA:34,(anonymous_1)
FNDA:164,(anonymous_2)
FNDA:1,(anonymous_3)
FNDA:6,(anonymous_4)
FNDA:6,(anonymous_5)
FNDA:0,(anonymous_6)
FNDA:2,(anonymous_7)
FNDA:6,(anonymous_8)
FNDA:1,(anonymous_9)
DA:5,1
DA:11,34
DA:25,164
DA:28,1
DA:31,6
DA:32,6
DA:33,49
DA:34,49
DA:35,1
DA:37,48
DA:38,9
DA:39,1
DA:44,4
DA:47,6
DA:48,6
DA:49,2
DA:50,2
DA:52,4
DA:54,2
DA:56,2
DA:57,1
DA:58,1
DA:60,3
DA:61,3
DA:62,3
DA:63,1
DA:66,2
DA:70,0
DA:78,0
DA:82,0
DA:87,0
DA:90,2
DA:91,2
DA:95,6
DA:96,6
DA:97,1
DA:99,5
DA:100,1
DA:102,4
DA:103,1
DA:105,3
DA:106,1
DA:108,2
DA:109,1
DA:111,5
DA:114,1
DA:117,1
LF:47
LH:43
BRDA:34,0,0,1
BRDA:34,0,1,48
BRDA:34,1,0,49
BRDA:34,1,1,10
BRDA:37,2,0,9
BRDA:37,2,1,39
BRDA:38,3,0,1
BRDA:38,3,1,8
BRDA:48,4,0,2
BRDA:48,4,1,4
BRDA:52,5,0,2
BRDA:52,5,1,2
BRDA:56,6,0,1
BRDA:56,6,1,1
BRDA:62,7,0,1
BRDA:62,7,1,2
BRDA:78,8,0,0
BRDA:78,8,1,0
BRDA:79,9,0,0
BRDA:79,9,1,0
BRDA:80,10,0,0
BRDA:80,10,1,0
BRDA:82,11,0,0
BRDA:82,11,1,0
BRDA:82,12,0,0
BRDA:82,12,1,0
BRDA:82,12,2,0
BRDA:82,12,3,0
BRDA:82,12,4,0
BRDA:82,12,5,0
BRDA:90,13,0,2
BRDA:90,13,1,0
BRDA:96,14,0,1
BRDA:96,14,1,5
BRDA:99,15,0,1
BRDA:99,15,1,4
BRDA:102,16,0,1
BRDA:102,16,1,3
BRDA:105,17,0,1
BRDA:105,17,1,2
BRDA:105,18,0,3
BRDA:105,18,1,1
BRDA:108,19,0,1
BRDA:108,19,1,1
BRDA:108,20,0,2
BRDA:108,20,1,1
BRDA:108,20,2,1
BRF:47
BRH:32
end_of_record
TN:
SF:D:\Development\Group Epic Dev\Group\Sites\Group Web\src\MarketWrite.Group.Web\group-additions\src\group-additions-app\data-entry\data-entry.js
FN:20,(anonymous_0)
FN:36,(anonymous_1)
FN:41,(anonymous_2)
FN:64,(anonymous_3)
FN:89,(anonymous_4)
FN:92,(anonymous_5)
FN:95,(anonymous_6)
FN:98,(anonymous_7)
FN:101,(anonymous_8)
FN:104,(anonymous_9)
FN:107,(anonymous_10)
FN:110,(anonymous_11)
FN:113,(anonymous_12)
FN:117,(anonymous_13)
FN:119,(anonymous_14)
FN:128,(anonymous_15)
FN:162,(anonymous_16)
FN:173,(anonymous_17)
FN:178,(anonymous_18)
FN:184,(anonymous_19)
FN:191,(anonymous_20)
FN:242,(anonymous_21)
FN:255,(anonymous_22)
FN:267,(anonymous_23)
FN:276,(anonymous_24)
FN:286,(anonymous_25)
FN:295,(anonymous_26)
FN:304,(anonymous_27)
FN:327,(anonymous_28)
FN:331,(anonymous_29)
FN:339,(anonymous_30)
FN:361,(anonymous_31)
FNF:32
FNH:24
FNDA:1,(anonymous_0)
FNDA:67,(anonymous_1)
FNDA:169,(anonymous_2)
FNDA:240,(anonymous_3)
FNDA:2,(anonymous_4)
FNDA:18,(anonymous_5)
FNDA:18,(anonymous_6)
FNDA:138,(anonymous_7)
FNDA:0,(anonymous_8)
FNDA:54,(anonymous_9)
FNDA:74,(anonymous_10)
FNDA:25,(anonymous_11)
FNDA:50,(anonymous_12)
FNDA:9,(anonymous_13)
FNDA:9,(anonymous_14)
FNDA:17,(anonymous_15)
FNDA:9,(anonymous_16)
FNDA:9,(anonymous_17)
FNDA:9,(anonymous_18)
FNDA:9,(anonymous_19)
FNDA:5,(anonymous_20)
FNDA:0,(anonymous_21)
FNDA:0,(anonymous_22)
FNDA:0,(anonymous_23)
FNDA:0,(anonymous_24)
FNDA:0,(anonymous_25)
FNDA:0,(anonymous_26)
FNDA:4,(anonymous_27)
FNDA:1,(anonymous_28)
FNDA:0,(anonymous_29)
FNDA:59,(anonymous_30)
FNDA:3,(anonymous_31)
DA:15,1
DA:16,1
DA:17,1
DA:21,1
DA:37,67
DA:38,67
DA:39,67
DA:42,169
DA:64,240
DA:90,2
DA:93,18
DA:96,18
DA:99,138
DA:102,0
DA:105,54
DA:108,74
DA:111,25
DA:114,50
DA:118,9
DA:119,9
DA:120,9
DA:121,9
DA:122,9
DA:123,9
DA:125,9
DA:129,17
DA:130,3
DA:131,3
DA:132,3
DA:135,14
DA:136,14
DA:137,14
DA:138,14
DA:139,0
DA:140,0
DA:141,0
DA:144,14
DA:145,14
DA:146,14
DA:147,3
DA:148,3
DA:150,11
DA:151,11
DA:152,2
DA:153,2
DA:155,9
DA:156,9
DA:157,4
DA:158,4
DA:160,5
DA:163,9
DA:164,9
DA:165,9
DA:166,9
DA:167,9
DA:168,9
DA:169,9
DA:170,9
DA:171,9
DA:174,9
DA:175,9
DA:176,9
DA:179,9
DA:180,9
DA:181,9
DA:182,9
DA:185,9
DA:186,9
DA:187,9
DA:188,9
DA:189,9
DA:192,5
DA:193,4
DA:194,4
DA:195,4
DA:196,3
DA:197,3
DA:198,3
DA:199,3
DA:200,1
DA:203,3
DA:204,3
DA:205,3
DA:206,3
DA:208,3
DA:210,4
DA:211,3
DA:212,3
DA:213,3
DA:215,3
DA:216,1
DA:218,3
DA:219,3
DA:220,3
DA:221,3
DA:222,3
DA:224,4
DA:225,3
DA:226,3
DA:227,3
DA:229,3
DA:230,1
DA:232,3
DA:233,3
DA:234,3
DA:235,3
DA:236,3
DA:238,4
DA:240,1
DA:243,0
DA:244,0
DA:245,0
DA:246,0
DA:249,0
DA:256,0
DA:257,0
DA:258,0
DA:259,0
DA:262,0
DA:268,0
DA:269,0
DA:273,0
DA:277,0
DA:278,0
DA:279,0
DA:283,0
DA:287,0
DA:288,0
DA:292,0
DA:296,0
DA:297,0
DA:301,0
DA:305,4
DA:306,4
DA:307,2
DA:308,1
DA:311,1
DA:315,2
DA:316,2
DA:317,2
DA:318,2
DA:319,1
DA:322,1
DA:324,2
DA:328,1
DA:329,1
DA:332,0
DA:333,0
DA:335,0
DA:336,0
DA:340,59
DA:341,11
DA:342,11
DA:343,11
DA:345,11
DA:346,11
DA:347,11
DA:349,48
DA:350,1
DA:352,47
DA:353,1
DA:355,46
DA:356,1
DA:358,59
DA:362,3
DA:363,2
DA:364,2
DA:365,2
DA:366,2
DA:367,2
DA:368,2
DA:369,2
DA:370,2
DA:371,2
DA:372,2
DA:374,3
DA:375,3
DA:376,3
DA:377,3
DA:378,3
DA:381,1
LF:181
LH:150
BRDA:129,0,0,3
BRDA:129,0,1,14
BRDA:129,1,0,17
BRDA:129,1,1,14
BRDA:138,2,0,0
BRDA:138,2,1,14
BRDA:138,3,0,14
BRDA:138,3,1,14
BRDA:146,4,0,3
BRDA:146,4,1,11
BRDA:151,5,0,2
BRDA:151,5,1,9
BRDA:156,6,0,4
BRDA:156,6,1,5
BRDA:192,7,0,4
BRDA:192,7,1,1
BRDA:195,8,0,3
BRDA:195,8,1,1
BRDA:195,9,0,4
BRDA:195,9,1,3
BRDA:199,10,0,1
BRDA:199,10,1,2
BRDA:199,11,0,3
BRDA:199,11,1,3
BRDA:210,12,0,3
BRDA:210,12,1,1
BRDA:210,13,0,4
BRDA:210,13,1,3
BRDA:215,14,0,1
BRDA:215,14,1,2
BRDA:215,15,0,3
BRDA:215,15,1,3
BRDA:224,16,0,3
BRDA:224,16,1,1
BRDA:224,17,0,4
BRDA:224,17,1,3
BRDA:229,18,0,1
BRDA:229,18,1,2
BRDA:229,19,0,3
BRDA:229,19,1,3
BRDA:244,20,0,0
BRDA:244,20,1,0
BRDA:245,21,0,0
BRDA:245,21,1,0
BRDA:257,22,0,0
BRDA:257,22,1,0
BRDA:258,23,0,0
BRDA:258,23,1,0
BRDA:258,24,0,0
BRDA:258,24,1,0
BRDA:306,25,0,2
BRDA:306,25,1,2
BRDA:307,26,0,1
BRDA:307,26,1,1
BRDA:318,27,0,1
BRDA:318,27,1,1
BRDA:332,28,0,0
BRDA:332,28,1,0
BRDA:335,29,0,0
BRDA:335,29,1,0
BRDA:340,30,0,11
BRDA:340,30,1,48
BRDA:349,31,0,1
BRDA:349,31,1,47
BRDA:349,32,0,48
BRDA:349,32,1,1
BRDA:352,33,0,1
BRDA:352,33,1,46
BRDA:352,34,0,47
BRDA:352,34,1,1
BRDA:355,35,0,1
BRDA:355,35,1,45
BRDA:355,36,0,46
BRDA:355,36,1,1
BRDA:362,37,0,2
BRDA:362,37,1,1
BRF:76
BRH:61
end_of_record
TN:
SF:D:\Development\Group Epic Dev\Group\Sites\Group Web\src\MarketWrite.Group.Web\group-additions\src\group-additions-app\data-entry\generated-apps-dialog.js
FN:5,(anonymous_0)
FN:13,(anonymous_1)
FN:17,(anonymous_2)
FN:35,(anonymous_3)
FN:38,(anonymous_4)
FN:40,(anonymous_5)
FN:86,(anonymous_6)
FNF:7
FNH:6
FNDA:1,(anonymous_0)
FNDA:72,(anonymous_1)
FNDA:79,(anonymous_2)
FNDA:19,(anonymous_3)
FNDA:7,(anonymous_4)
FNDA:7,(anonymous_5)
FNDA:0,(anonymous_6)
DA:6,1
DA:14,72
DA:15,72
DA:19,79
DA:36,19
DA:39,7
DA:40,7
DA:41,7
DA:42,0
DA:44,7
DA:45,7
DA:46,7
DA:47,7
DA:48,7
DA:49,7
DA:50,7
DA:51,7
DA:52,6
DA:53,6
DA:54,6
DA:55,6
DA:56,6
DA:58,7
DA:59,6
DA:60,6
DA:61,6
DA:62,6
DA:63,6
DA:65,7
DA:66,4
DA:67,4
DA:68,4
DA:69,4
DA:70,4
DA:72,7
DA:73,4
DA:74,4
DA:76,4
DA:78,4
DA:79,4
DA:80,4
DA:82,7
DA:83,7
DA:84,7
DA:85,7
DA:86,7
DA:87,0
DA:88,7
DA:89,7
DA:90,7
DA:92,7
DA:95,1
LF:52
LH:50
BRDA:41,0,0,0
BRDA:41,0,1,7
BRDA:51,1,0,6
BRDA:51,1,1,1
BRDA:51,2,0,7
BRDA:51,2,1,6
BRDA:51,2,2,6
BRDA:58,3,0,6
BRDA:58,3,1,1
BRDA:58,4,0,7
BRDA:58,4,1,6
BRDA:58,4,2,6
BRDA:65,5,0,4
BRDA:65,5,1,3
BRDA:65,6,0,7
BRDA:65,6,1,4
BRDA:65,6,2,4
BRDA:72,7,0,4
BRDA:72,7,1,3
BRF:19
BRH:18
end_of_record
TN:
SF:D:\Development\Group Epic Dev\Group\Sites\Group Web\src\MarketWrite.Group.Web\group-additions\src\group-additions-app\data-entry\policy-eligibility-type-selection.js
FN:12,(anonymous_0)
FN:24,(anonymous_1)
FN:34,(anonymous_2)
FN:74,(anonymous_3)
FN:84,(anonymous_4)
FN:88,(anonymous_5)
FN:112,(anonymous_6)
FN:118,(anonymous_7)
FN:128,(anonymous_8)
FN:150,(anonymous_9)
FN:157,(anonymous_10)
FNF:11
FNH:10
FNDA:1,(anonymous_0)
FNDA:73,(anonymous_1)
FNDA:98,(anonymous_2)
FNDA:0,(anonymous_3)
FNDA:143,(anonymous_4)
FNDA:20,(anonymous_5)
FNDA:28,(anonymous_6)
FNDA:28,(anonymous_7)
FNDA:28,(anonymous_8)
FNDA:25,(anonymous_9)
FNDA:3,(anonymous_10)
DA:7,1
DA:8,1
DA:9,1
DA:13,1
DA:25,73
DA:26,73
DA:30,73
DA:31,73
DA:35,98
DA:74,0
DA:85,143
DA:89,20
DA:91,3
DA:92,3
DA:94,17
DA:95,6
DA:97,4
DA:98,4
DA:101,2
DA:102,2
DA:103,2
DA:104,2
DA:108,11
DA:109,11
DA:110,11
DA:113,28
DA:114,28
DA:115,28
DA:119,28
DA:120,28
DA:121,28
DA:122,28
DA:123,28
DA:124,28
DA:125,28
DA:129,28
DA:130,17
DA:132,13
DA:133,13
DA:135,4
DA:137,3
DA:138,3
DA:141,1
DA:142,1
DA:146,11
DA:147,11
DA:151,25
DA:152,11
DA:153,11
DA:158,3
DA:159,3
DA:160,3
DA:161,3
DA:162,3
DA:163,3
DA:167,1
LF:56
LH:55
BRDA:89,0,0,3
BRDA:89,0,1,17
BRDA:89,1,0,20
BRDA:89,1,1,18
BRDA:89,1,2,18
BRDA:94,2,0,6
BRDA:94,2,1,11
BRDA:95,3,0,4
BRDA:95,3,1,2
BRDA:95,4,0,6
BRDA:95,4,1,2
BRDA:95,4,2,2
BRDA:95,4,3,4
BRDA:102,5,0,2
BRDA:102,5,1,0
BRDA:129,6,0,17
BRDA:129,6,1,11
BRDA:130,7,0,13
BRDA:130,7,1,4
BRDA:135,8,0,3
BRDA:135,8,1,1
BRDA:151,9,0,11
BRDA:151,9,1,14
BRDA:151,10,0,25
BRDA:151,10,1,11
BRDA:160,11,0,3
BRDA:160,11,1,0
BRF:27
BRH:25
end_of_record
TN:
SF:D:\Development\Group Epic Dev\Group\Sites\Group Web\src\MarketWrite.Group.Web\group-additions\src\group-additions-app\data-entry\rejected-apps-dialog.js
FN:6,(anonymous_0)
FN:19,(anonymous_1)
FN:22,(anonymous_2)
FNF:3
FNH:3
FNDA:67,(anonymous_0)
FNDA:1,(anonymous_1)
FNDA:1,(anonymous_2)
DA:7,67
DA:20,1
DA:23,1
DA:26,1
LF:4
LH:4
BRF:0
BRH:0
end_of_record
TN:
SF:D:\Development\Group Epic Dev\Group\Sites\Group Web\src\MarketWrite.Group.Web\group-additions\src\group-additions-app\data-entry\rejected-apps-failed-upload-dialog.js
FN:5,(anonymous_0)
FN:19,(anonymous_1)
FN:22,(anonymous_2)
FNF:3
FNH:3
FNDA:67,(anonymous_0)
FNDA:1,(anonymous_1)
FNDA:1,(anonymous_2)
DA:6,67
DA:20,1
DA:23,1
DA:26,1
LF:4
LH:4
BRF:0
BRH:0
end_of_record
TN:
SF:D:\Development\Group Epic Dev\Group\Sites\Group Web\src\MarketWrite.Group.Web\group-additions\src\group-additions-app\data-entry\app-document-upload\app-document-product.js
FN:9,(anonymous_0)
FN:21,(anonymous_1)
FN:68,(anonymous_2)
FN:79,(anonymous_3)
FN:86,(anonymous_4)
FN:105,(anonymous_5)
FN:113,(anonymous_6)
FN:116,(anonymous_7)
FN:119,(anonymous_8)
FN:122,(anonymous_9)
FN:144,(anonymous_10)
FN:145,(anonymous_11)
FNF:12
FNH:9
FNDA:1,(anonymous_0)
FNDA:246,(anonymous_1)
FNDA:36,(anonymous_2)
FNDA:0,(anonymous_3)
FNDA:0,(anonymous_4)
FNDA:27,(anonymous_5)
FNDA:27,(anonymous_6)
FNDA:0,(anonymous_7)
FNDA:144,(anonymous_8)
FNDA:243,(anonymous_9)
FNDA:246,(anonymous_10)
FNDA:750,(anonymous_11)
DA:10,1
DA:22,246
DA:68,36
DA:79,0
DA:86,0
DA:106,27
DA:107,3
DA:108,3
DA:110,24
DA:111,24
DA:114,27
DA:117,0
DA:120,144
DA:123,243
DA:128,36
DA:129,36
DA:133,36
DA:134,36
DA:135,36
DA:139,243
DA:140,243
DA:141,243
DA:145,246
DA:146,750
DA:150,471
DA:151,471
DA:152,471
DA:153,471
DA:154,471
DA:161,471
DA:166,1
LF:31
LH:28
BRDA:52,0,0,246
BRDA:52,0,1,246
BRDA:52,0,2,45
BRDA:52,0,3,45
BRDA:94,1,0,246
BRDA:94,1,1,246
BRDA:94,1,2,45
BRDA:94,1,3,45
BRDA:106,2,0,3
BRDA:106,2,1,24
BRDA:123,3,0,36
BRDA:123,3,1,207
BRDA:123,4,0,243
BRDA:123,4,1,42
BRDA:123,4,2,42
BRDA:123,4,3,42
BRDA:123,4,4,42
BRDA:133,5,0,36
BRDA:133,5,1,0
BRDA:133,6,0,36
BRDA:133,6,1,36
BRDA:146,7,0,471
BRDA:146,7,1,279
BRDA:146,8,0,750
BRDA:146,8,1,714
BRDA:146,8,2,480
BRF:26
BRH:25
end_of_record
TN:
SF:D:\Development\Group Epic Dev\Group\Sites\Group Web\src\MarketWrite.Group.Web\group-additions\src\group-additions-app\data-entry\app-document-upload\app-document-upload.js
FN:8,(anonymous_0)
FN:18,(anonymous_1)
FN:20,(anonymous_2)
FN:25,(anonymous_3)
FN:56,(anonymous_4)
FN:61,(anonymous_5)
FN:66,(anonymous_6)
FN:89,(anonymous_7)
FN:93,(anonymous_8)
FN:112,(anonymous_9)
FN:115,(anonymous_10)
FN:118,(anonymous_11)
FN:121,(anonymous_12)
FN:124,(anonymous_13)
FN:143,(anonymous_14)
FN:151,(anonymous_15)
FN:152,(anonymous_16)
FN:172,(anonymous_17)
FNF:18
FNH:16
FNDA:1,(anonymous_0)
FNDA:67,(anonymous_1)
FNDA:67,(anonymous_2)
FNDA:160,(anonymous_3)
FNDA:157,(anonymous_4)
FNDA:157,(anonymous_5)
FNDA:157,(anonymous_6)
FNDA:0,(anonymous_7)
FNDA:9,(anonymous_8)
FNDA:12,(anonymous_9)
FNDA:12,(anonymous_10)
FNDA:12,(anonymous_11)
FNDA:0,(anonymous_12)
FNDA:11,(anonymous_13)
FNDA:81,(anonymous_14)
FNDA:160,(anonymous_15)
FNDA:349,(anonymous_16)
FNDA:3,(anonymous_17)
DA:9,1
DA:19,67
DA:20,67
DA:21,67
DA:22,67
DA:26,160
DA:56,157
DA:61,157
DA:66,157
DA:90,0
DA:91,0
DA:94,9
DA:95,9
DA:96,9
DA:97,9
DA:98,1
DA:100,8
DA:101,1
DA:103,7
DA:104,1
DA:106,6
DA:108,1
DA:110,5
DA:113,12
DA:116,12
DA:119,12
DA:122,0
DA:125,11
DA:126,11
DA:127,11
DA:129,11
DA:130,11
DA:132,11
DA:133,11
DA:135,11
DA:136,11
DA:138,11
DA:141,11
DA:144,81
DA:145,0
DA:148,81
DA:152,160
DA:153,349
DA:156,240
DA:157,240
DA:158,240
DA:159,240
DA:161,240
DA:168,240
DA:173,3
DA:174,3
DA:175,3
DA:176,3
DA:179,1
LF:54
LH:50
BRDA:97,0,0,1
BRDA:97,0,1,8
BRDA:100,1,0,1
BRDA:100,1,1,7
BRDA:103,2,0,1
BRDA:103,2,1,6
BRDA:106,3,0,1
BRDA:106,3,1,5
BRDA:106,4,0,6
BRDA:106,4,1,6
BRDA:106,4,2,6
BRDA:125,5,0,11
BRDA:125,5,1,0
BRDA:126,6,0,11
BRDA:126,6,1,0
BRDA:126,7,0,11
BRDA:126,7,1,11
BRDA:144,8,0,0
BRDA:144,8,1,81
BRDA:144,9,0,81
BRDA:144,9,1,14
BRDA:153,10,0,240
BRDA:153,10,1,109
BRDA:153,11,0,349
BRDA:153,11,1,269
BRDA:153,11,2,189
BRF:26
BRH:23
end_of_record
TN:
SF:D:\Development\Group Epic Dev\Group\Sites\Group Web\src\MarketWrite.Group.Web\group-additions\src\group-additions-app\data-entry\upload-requirement-document\add-requirement-document.js
FN:6,(anonymous_0)
FN:17,(anonymous_1)
FN:28,(anonymous_2)
FN:35,(anonymous_3)
FN:97,(anonymous_4)
FN:101,(anonymous_5)
FN:104,(anonymous_6)
FN:116,(anonymous_7)
FN:119,(anonymous_8)
FN:123,(anonymous_9)
FN:129,(anonymous_10)
FN:139,(anonymous_11)
FNF:12
FNH:12
FNDA:1,(anonymous_0)
FNDA:27,(anonymous_1)
FNDA:27,(anonymous_2)
FNDA:66,(anonymous_3)
FNDA:1,(anonymous_4)
FNDA:14,(anonymous_5)
FNDA:15,(anonymous_6)
FNDA:1,(anonymous_7)
FNDA:1,(anonymous_8)
FNDA:18,(anonymous_9)
FNDA:48,(anonymous_10)
FNDA:15,(anonymous_11)
DA:7,1
DA:18,27
DA:19,27
DA:20,27
DA:21,27
DA:22,27
DA:23,27
DA:28,27
DA:29,27
DA:30,27
DA:36,66
DA:98,1
DA:99,1
DA:102,14
DA:105,15
DA:106,2
DA:107,2
DA:109,13
DA:111,3
DA:113,10
DA:114,10
DA:117,1
DA:120,1
DA:124,18
DA:125,18
DA:126,18
DA:130,48
DA:131,1
DA:134,47
DA:140,15
DA:143,15
DA:144,14
DA:147,15
DA:152,1
LF:34
LH:34
BRDA:105,0,0,2
BRDA:105,0,1,13
BRDA:105,1,0,15
BRDA:105,1,1,15
BRDA:109,2,0,3
BRDA:109,2,1,10
BRDA:109,3,0,13
BRDA:109,3,1,13
BRDA:109,3,2,13
BRDA:130,4,0,1
BRDA:130,4,1,47
BRDA:130,5,0,48
BRDA:130,5,1,48
BRDA:140,6,0,15
BRDA:140,6,1,0
BRDA:140,7,0,15
BRDA:140,7,1,15
BRDA:140,7,2,15
BRDA:143,8,0,14
BRDA:143,8,1,1
BRF:20
BRH:19
end_of_record
TN:
SF:D:\Development\Group Epic Dev\Group\Sites\Group Web\src\MarketWrite.Group.Web\group-additions\src\group-additions-app\data-entry\upload-requirement-document\upload-requirement-document.js
FN:11,(anonymous_0)
FN:17,(anonymous_1)
FN:22,(anonymous_2)
FN:58,(anonymous_3)
FN:70,(anonymous_4)
FN:78,(anonymous_5)
FN:81,(anonymous_6)
FN:88,(anonymous_7)
FN:91,(anonymous_8)
FNF:9
FNH:9
FNDA:1,(anonymous_0)
FNDA:72,(anonymous_1)
FNDA:87,(anonymous_2)
FNDA:12,(anonymous_3)
FNDA:13,(anonymous_4)
FNDA:11,(anonymous_5)
FNDA:11,(anonymous_6)
FNDA:12,(anonymous_7)
FNDA:1,(anonymous_8)
DA:12,1
DA:18,72
DA:19,72
DA:23,87
DA:59,12
DA:60,12
DA:61,12
DA:62,12
DA:63,12
DA:64,12
DA:65,3
DA:68,12
DA:71,13
DA:72,13
DA:73,13
DA:74,13
DA:75,13
DA:79,11
DA:80,11
DA:81,11
DA:82,11
DA:83,11
DA:84,11
DA:86,11
DA:89,12
DA:90,12
DA:91,12
DA:92,1
DA:95,12
DA:101,1
LF:30
LH:30
BRDA:64,0,0,3
BRDA:64,0,1,9
BRDA:89,1,0,12
BRDA:89,1,1,0
BRF:4
BRH:3
end_of_record
TN:
SF:D:\Development\Group Epic Dev\Group\Sites\Group Web\src\MarketWrite.Group.Web\group-additions\src\group-additions-app\selected-company-groups\selected-company-groups.js
FN:7,(anonymous_0)
FN:19,(anonymous_1)
FN:25,(anonymous_2)
FN:51,(anonymous_3)
FN:54,(anonymous_4)
FN:57,(anonymous_5)
FN:61,(anonymous_6)
FN:84,(anonymous_7)
FNF:8
FNH:8
FNDA:1,(anonymous_0)
FNDA:1,(anonymous_1)
FNDA:80,(anonymous_2)
FNDA:9,(anonymous_3)
FNDA:9,(anonymous_4)
FNDA:9,(anonymous_5)
FNDA:42,(anonymous_6)
FNDA:2,(anonymous_7)
DA:8,1
DA:20,1
DA:27,80
DA:52,9
DA:55,9
DA:58,9
DA:63,42
DA:64,5
DA:66,37
DA:67,5
DA:69,32
DA:70,5
DA:72,27
DA:73,7
DA:75,20
DA:76,7
DA:78,13
DA:79,7
DA:81,42
DA:85,2
DA:86,2
DA:87,2
DA:90,1
LF:23
LH:23
BRDA:63,0,0,5
BRDA:63,0,1,37
BRDA:63,1,0,42
BRDA:63,1,1,5
BRDA:63,1,2,5
BRDA:66,2,0,5
BRDA:66,2,1,32
BRDA:66,3,0,37
BRDA:66,3,1,5
BRDA:66,3,2,5
BRDA:69,4,0,5
BRDA:69,4,1,27
BRDA:69,5,0,32
BRDA:69,5,1,5
BRDA:69,5,2,5
BRDA:72,6,0,7
BRDA:72,6,1,20
BRDA:72,7,0,27
BRDA:72,7,1,7
BRDA:75,8,0,7
BRDA:75,8,1,13
BRDA:75,9,0,20
BRDA:75,9,1,7
BRDA:78,10,0,7
BRDA:78,10,1,6
BRDA:78,11,0,13
BRDA:78,11,1,7
BRF:27
BRH:27
end_of_record
TN:
SF:D:\Development\Group Epic Dev\Group\Sites\Group Web\src\MarketWrite.Group.Web\group-additions\src\group-additions-app\selected-company-groups\selected-product-groups.js
FN:7,(anonymous_0)
FN:16,(anonymous_1)
FN:20,(anonymous_2)
FN:62,(anonymous_3)
FN:65,(anonymous_4)
FN:77,(anonymous_5)
FN:84,(anonymous_6)
FNF:7
FNH:6
FNDA:1,(anonymous_0)
FNDA:178,(anonymous_1)
FNDA:218,(anonymous_2)
FNDA:10,(anonymous_3)
FNDA:24,(anonymous_4)
FNDA:1,(anonymous_5)
FNDA:0,(anonymous_6)
DA:8,1
DA:17,178
DA:22,218
DA:63,10
DA:66,24
DA:67,24
DA:68,16
DA:71,8
DA:74,24
DA:78,1
DA:79,1
DA:80,1
DA:85,0
DA:88,1
LF:14
LH:13
BRDA:66,0,0,24
BRDA:66,0,1,0
BRDA:66,1,0,24
BRDA:66,1,1,24
BRDA:66,1,2,24
BRDA:67,2,0,16
BRDA:67,2,1,8
BRDA:78,3,0,1
BRDA:78,3,1,0
BRDA:78,4,0,1
BRDA:78,4,1,1
BRF:11
BRH:9
end_of_record
TN:
SF:D:\Development\Group Epic Dev\Group\Sites\Group Web\src\MarketWrite.Group.Web\group-additions\src\group-additions-app\selected-company-groups\group-information-dialog\agent-info.js
FN:4,(anonymous_0)
FN:11,(anonymous_1)
FNF:2
FNH:2
FNDA:1,(anonymous_0)
FNDA:2,(anonymous_1)
DA:5,1
DA:12,2
DA:77,1
LF:3
LH:3
BRF:0
BRH:0
end_of_record
TN:
SF:D:\Development\Group Epic Dev\Group\Sites\Group Web\src\MarketWrite.Group.Web\group-additions\src\group-additions-app\selected-company-groups\group-information-dialog\group-info.js
FN:5,(anonymous_0)
FN:10,(anonymous_1)
FN:99,(anonymous_2)
FNF:3
FNH:3
FNDA:1,(anonymous_0)
FNDA:2,(anonymous_1)
FNDA:2,(anonymous_2)
DA:6,1
DA:11,2
DA:100,2
DA:101,2
DA:103,2
DA:107,1
LF:6
LH:6
BRDA:88,0,0,0
BRDA:88,0,1,2
BRDA:100,1,0,2
BRDA:100,1,1,0
BRDA:100,2,0,2
BRDA:100,2,1,2
BRDA:100,2,2,2
BRF:7
BRH:5
end_of_record
TN:
SF:D:\Development\Group Epic Dev\Group\Sites\Group Web\src\MarketWrite.Group.Web\group-additions\src\group-additions-app\selected-company-groups\group-information-dialog\group-information-dialog.js
FN:13,(anonymous_0)
FN:19,(anonymous_1)
FN:35,(anonymous_2)
FN:39,(anonymous_3)
FN:41,(anonymous_4)
FN:81,(anonymous_5)
FN:93,(anonymous_6)
FNF:7
FNH:6
FNDA:1,(anonymous_0)
FNDA:202,(anonymous_1)
FNDA:5,(anonymous_2)
FNDA:2,(anonymous_3)
FNDA:2,(anonymous_4)
FNDA:0,(anonymous_5)
FNDA:1,(anonymous_6)
DA:14,1
DA:20,202
DA:36,5
DA:40,2
DA:41,2
DA:42,2
DA:43,2
DA:44,2
DA:45,2
DA:46,2
DA:48,2
DA:49,2
DA:51,2
DA:52,2
DA:53,2
DA:54,2
DA:56,2
DA:58,2
DA:59,2
DA:60,2
DA:62,2
DA:64,2
DA:65,2
DA:66,2
DA:68,2
DA:69,2
DA:71,2
DA:72,2
DA:73,2
DA:76,2
DA:77,2
DA:80,2
DA:81,2
DA:82,0
DA:85,2
DA:89,2
DA:94,1
DA:95,1
DA:97,1
DA:103,1
LF:40
LH:39
BRDA:58,0,0,2
BRDA:58,0,1,0
BRDA:58,1,0,2
BRDA:58,1,1,2
BRDA:58,1,2,2
BRDA:73,2,0,2
BRDA:73,2,1,0
BRDA:73,3,0,2
BRDA:73,3,1,2
BRDA:73,3,2,2
BRDA:73,3,3,2
BRDA:94,4,0,1
BRDA:94,4,1,0
BRDA:94,5,0,1
BRDA:94,5,1,1
BRDA:94,5,2,1
BRF:16
BRH:13
end_of_record
TN:
SF:D:\Development\Group Epic Dev\Group\Sites\Group Web\src\MarketWrite.Group.Web\group-additions\src\group-additions-app\selected-company-groups\group-information-dialog\marketing-rep-Info.js
FN:4,(anonymous_0)
FN:10,(anonymous_1)
FN:73,(anonymous_2)
FNF:3
FNH:3
FNDA:1,(anonymous_0)
FNDA:2,(anonymous_1)
FNDA:2,(anonymous_2)
DA:5,1
DA:11,2
DA:74,2
DA:75,2
DA:77,2
DA:81,1
LF:6
LH:6
BRDA:74,0,0,2
BRDA:74,0,1,0
BRDA:74,1,0,2
BRDA:74,1,1,2
BRDA:74,1,2,2
BRF:5
BRH:4
end_of_record
TN:
SF:D:\Development\Group Epic Dev\Group\Sites\Group Web\src\MarketWrite.Group.Web\group-additions\src\group-additions-app\selected-company-groups\group-information-dialog\special-consideration-info.js
FN:8,(anonymous_0)
FN:16,(anonymous_1)
FN:73,(anonymous_2)
FNF:3
FNH:3
FNDA:1,(anonymous_0)
FNDA:4,(anonymous_1)
FNDA:3,(anonymous_2)
DA:9,1
DA:17,4
DA:74,3
DA:75,3
DA:76,3
DA:77,1
DA:78,1
DA:81,2
DA:82,2
DA:85,3
DA:89,1
LF:11
LH:11
BRDA:74,0,0,3
BRDA:74,0,1,0
BRDA:74,1,0,3
BRDA:74,1,1,3
BRDA:74,1,2,3
BRDA:76,2,0,1
BRDA:76,2,1,2
BRF:7
BRH:6
end_of_record
TN:
SF:D:\Development\Group Epic Dev\Group\Sites\Group Web\src\MarketWrite.Group.Web\group-additions\src\mw-header\mw-header.js
FN:4,(anonymous_0)
FN:50,(anonymous_1)
FN:54,(anonymous_2)
FNF:3
FNH:3
FNDA:10,(anonymous_0)
FNDA:10,(anonymous_1)
FNDA:1,(anonymous_2)
DA:5,10
DA:51,10
DA:55,1
DA:64,1
LF:4
LH:4
BRF:0
BRH:0
end_of_record
